# JRE version: OpenJDK Runtime Environment Temurin-21.0.10+7 (21.0.10+7) (build 21.0.10+7-LTS)
# Java VM: OpenJDK 64-Bit Server VM Temurin-21.0.10+7 (21.0.10+7-LTS, mixed mode, sharing, tiered, compressed oops, compressed class ptrs, parallel gc, windows-amd64)
GC Precious Log:
 CardTable entry size: 512
 CPUs: 12 total, 12 available
 Memory: 16068M
 Large Page Support: Disabled
 NUMA Support: Disabled
 Compressed Oops: Enabled (32-bit)
 Alignments: Space 512K, Generation 512K, Heap 2M
 Heap Min Capacity: 100M
 Heap Initial Capacity: 100M
 Heap Max Capacity: 2G
 Pre-touch: Disabled
 Parallel Workers: 10
Heap:
 PSYoungGen      total 16384K, used 15936K [0x00000000d5580000, 0x00000000d6780000, 0x0000000100000000)
  eden space 15872K, 98% used [0x00000000d5580000,0x00000000d64c01d8,0x00000000d6500000)
  from space 512K, 62% used [0x00000000d6700000,0x00000000d6750000,0x00000000d6780000)
  to   space 512K, 0% used [0x00000000d6680000,0x00000000d6680000,0x00000000d6700000)
 ParOldGen       total 68608K, used 48117K [0x0000000080000000, 0x0000000084300000, 0x00000000d5580000)
  object space 68608K, 70% used [0x0000000080000000,0x0000000082efd418,0x0000000084300000)
 Metaspace       used 73555K, committed 75136K, reserved 1114112K
  class space    used 9149K, committed 9792K, reserved 1048576K
GC Heap History (20 events):
Event: 38.957 GC heap before
{Heap before GC invocations=58 (full 3):
 PSYoungGen      total 16384K, used 16269K [0x00000000d5580000, 0x00000000d6980000, 0x0000000100000000)
  eden space 15872K, 100% used [0x00000000d5580000,0x00000000d6500000,0x00000000d6500000)
  from space 512K, 77% used [0x00000000d6900000,0x00000000d6963430,0x00000000d6980000)
  to   space 1024K, 0% used [0x00000000d6780000,0x00000000d6780000,0x00000000d6880000)
 ParOldGen       total 68608K, used 45341K [0x0000000080000000, 0x0000000084300000, 0x00000000d5580000)
  object space 68608K, 66% used [0x0000000080000000,0x0000000082c474e8,0x0000000084300000)
 Metaspace       used 66660K, committed 67904K, reserved 1114112K
  class space    used 8298K, committed 8832K, reserved 1048576K
}
Event: 38.958 GC heap after
{Heap after GC invocations=58 (full 3):
 PSYoungGen      total 16896K, used 1003K [0x00000000d5580000, 0x00000000d6980000, 0x0000000100000000)
  eden space 15872K, 0% used [0x00000000d5580000,0x00000000d5580000,0x00000000d6500000)
  from space 1024K, 98% used [0x00000000d6780000,0x00000000d687ae78,0x00000000d6880000)
  to   space 1024K, 0% used [0x00000000d6880000,0x00000000d6880000,0x00000000d6980000)
 ParOldGen       total 68608K, used 45431K [0x0000000080000000, 0x0000000084300000, 0x00000000d5580000)
  object space 68608K, 66% used [0x0000000080000000,0x0000000082c5dd50,0x0000000084300000)
 Metaspace       used 66660K, committed 67904K, reserved 1114112K
  class space    used 8298K, committed 8832K, reserved 1048576K
}
Event: 39.107 GC heap before
{Heap before GC invocations=59 (full 3):
 PSYoungGen      total 16896K, used 16875K [0x00000000d5580000, 0x00000000d6980000, 0x0000000100000000)
  eden space 15872K, 100% used [0x00000000d5580000,0x00000000d6500000,0x00000000d6500000)
  from space 1024K, 98% used [0x00000000d6780000,0x00000000d687ae78,0x00000000d6880000)
  to   space 1024K, 0% used [0x00000000d6880000,0x00000000d6880000,0x00000000d6980000)
 ParOldGen       total 68608K, used 45431K [0x0000000080000000, 0x0000000084300000, 0x00000000d5580000)
  object space 68608K, 66% used [0x0000000080000000,0x0000000082c5dd50,0x0000000084300000)
 Metaspace       used 66660K, committed 67904K, reserved 1114112K
  class space    used 8298K, committed 8832K, reserved 1048576K
}
Event: 39.108 GC heap after
{Heap after GC invocations=59 (full 3):
 PSYoungGen      total 16896K, used 997K [0x00000000d5580000, 0x00000000d6980000, 0x0000000100000000)
  eden space 15872K, 0% used [0x00000000d5580000,0x00000000d5580000,0x00000000d6500000)
  from space 1024K, 97% used [0x00000000d6880000,0x00000000d6979510,0x00000000d6980000)
  to   space 1536K, 0% used [0x00000000d6680000,0x00000000d6680000,0x00000000d6800000)
 ParOldGen       total 68608K, used 45539K [0x0000000080000000, 0x0000000084300000, 0x00000000d5580000)
  object space 68608K, 66% used [0x0000000080000000,0x0000000082c78e08,0x0000000084300000)
 Metaspace       used 66660K, committed 67904K, reserved 1114112K
  class space    used 8298K, committed 8832K, reserved 1048576K
}
Event: 39.242 GC heap before
{Heap before GC invocations=60 (full 3):
 PSYoungGen      total 16896K, used 16869K [0x00000000d5580000, 0x00000000d6980000, 0x0000000100000000)
  eden space 15872K, 99% used [0x00000000d5580000,0x00000000d64fffe0,0x00000000d6500000)
  from space 1024K, 97% used [0x00000000d6880000,0x00000000d6979510,0x00000000d6980000)
  to   space 1536K, 0% used [0x00000000d6680000,0x00000000d6680000,0x00000000d6800000)
 ParOldGen       total 68608K, used 45539K [0x0000000080000000, 0x0000000084300000, 0x00000000d5580000)
  object space 68608K, 66% used [0x0000000080000000,0x0000000082c78e08,0x0000000084300000)
 Metaspace       used 66660K, committed 67904K, reserved 1114112K
  class space    used 8298K, committed 8832K, reserved 1048576K
}
Event: 39.243 GC heap after
{Heap after GC invocations=60 (full 3):
 PSYoungGen      total 17408K, used 294K [0x00000000d5580000, 0x00000000d6900000, 0x0000000100000000)
  eden space 15872K, 0% used [0x00000000d5580000,0x00000000d5580000,0x00000000d6500000)
  from space 1536K, 19% used [0x00000000d6680000,0x00000000d66c9a10,0x00000000d6800000)
  to   space 1024K, 0% used [0x00000000d6800000,0x00000000d6800000,0x00000000d6900000)
 ParOldGen       total 68608K, used 45579K [0x0000000080000000, 0x0000000084300000, 0x00000000d5580000)
  object space 68608K, 66% used [0x0000000080000000,0x0000000082c82e08,0x0000000084300000)
 Metaspace       used 66660K, committed 67904K, reserved 1114112K
  class space    used 8298K, committed 8832K, reserved 1048576K
}
Event: 39.349 GC heap before
{Heap before GC invocations=61 (full 3):
 PSYoungGen      total 17408K, used 16166K [0x00000000d5580000, 0x00000000d6900000, 0x0000000100000000)
  eden space 15872K, 100% used [0x00000000d5580000,0x00000000d6500000,0x00000000d6500000)
  from space 1536K, 19% used [0x00000000d6680000,0x00000000d66c9a10,0x00000000d6800000)
  to   space 1024K, 0% used [0x00000000d6800000,0x00000000d6800000,0x00000000d6900000)
 ParOldGen       total 68608K, used 45579K [0x0000000080000000, 0x0000000084300000, 0x00000000d5580000)
  object space 68608K, 66% used [0x0000000080000000,0x0000000082c82e08,0x0000000084300000)
 Metaspace       used 66660K, committed 67904K, reserved 1114112K
  class space    used 8298K, committed 8832K, reserved 1048576K
}
Event: 39.349 GC heap after
{Heap after GC invocations=61 (full 3):
 PSYoungGen      total 16896K, used 1021K [0x00000000d5580000, 0x00000000d6900000, 0x0000000100000000)
  eden space 15872K, 0% used [0x00000000d5580000,0x00000000d5580000,0x00000000d6500000)
  from space 1024K, 99% used [0x00000000d6800000,0x00000000d68ff4a8,0x00000000d6900000)
  to   space 1536K, 0% used [0x00000000d6600000,0x00000000d6600000,0x00000000d6780000)
 ParOldGen       total 68608K, used 45745K [0x0000000080000000, 0x0000000084300000, 0x00000000d5580000)
  object space 68608K, 66% used [0x0000000080000000,0x0000000082cac410,0x0000000084300000)
 Metaspace       used 66660K, committed 67904K, reserved 1114112K
  class space    used 8298K, committed 8832K, reserved 1048576K
}
Event: 39.545 GC heap before
{Heap before GC invocations=62 (full 3):
 PSYoungGen      total 16896K, used 16893K [0x00000000d5580000, 0x00000000d6900000, 0x0000000100000000)
  eden space 15872K, 100% used [0x00000000d5580000,0x00000000d6500000,0x00000000d6500000)
  from space 1024K, 99% used [0x00000000d6800000,0x00000000d68ff4a8,0x00000000d6900000)
  to   space 1536K, 0% used [0x00000000d6600000,0x00000000d6600000,0x00000000d6780000)
 ParOldGen       total 68608K, used 45745K [0x0000000080000000, 0x0000000084300000, 0x00000000d5580000)
  object space 68608K, 66% used [0x0000000080000000,0x0000000082cac410,0x0000000084300000)
 Metaspace       used 68220K, committed 69504K, reserved 1114112K
  class space    used 8506K, committed 9024K, reserved 1048576K
}
Event: 39.546 GC heap after
{Heap after GC invocations=62 (full 3):
 PSYoungGen      total 17408K, used 544K [0x00000000d5580000, 0x00000000d6880000, 0x0000000100000000)
  eden space 15872K, 0% used [0x00000000d5580000,0x00000000d5580000,0x00000000d6500000)
  from space 1536K, 35% used [0x00000000d6600000,0x00000000d6688010,0x00000000d6780000)
  to   space 1024K, 0% used [0x00000000d6780000,0x00000000d6780000,0x00000000d6880000)
 ParOldGen       total 68608K, used 45817K [0x0000000080000000, 0x0000000084300000, 0x00000000d5580000)
  object space 68608K, 66% used [0x0000000080000000,0x0000000082cbe420,0x0000000084300000)
 Metaspace       used 68220K, committed 69504K, reserved 1114112K
  class space    used 8506K, committed 9024K, reserved 1048576K
}
Event: 39.871 GC heap before
{Heap before GC invocations=63 (full 3):
 PSYoungGen      total 17408K, used 16416K [0x00000000d5580000, 0x00000000d6880000, 0x0000000100000000)
  eden space 15872K, 100% used [0x00000000d5580000,0x00000000d6500000,0x00000000d6500000)
  from space 1536K, 35% used [0x00000000d6600000,0x00000000d6688010,0x00000000d6780000)
  to   space 1024K, 0% used [0x00000000d6780000,0x00000000d6780000,0x00000000d6880000)
 ParOldGen       total 68608K, used 45817K [0x0000000080000000, 0x0000000084300000, 0x00000000d5580000)
  object space 68608K, 66% used [0x0000000080000000,0x0000000082cbe420,0x0000000084300000)
 Metaspace       used 69634K, committed 70976K, reserved 1114112K
  class space    used 8718K, committed 9280K, reserved 1048576K
}
Event: 39.873 GC heap after
{Heap after GC invocations=63 (full 3):
 PSYoungGen      total 16384K, used 416K [0x00000000d5580000, 0x00000000d6800000, 0x0000000100000000)
  eden space 15872K, 0% used [0x00000000d5580000,0x00000000d5580000,0x00000000d6500000)
  from space 512K, 81% used [0x00000000d6780000,0x00000000d67e8000,0x00000000d6800000)
  to   space 512K, 0% used [0x00000000d6700000,0x00000000d6700000,0x00000000d6780000)
 ParOldGen       total 68608K, used 46209K [0x0000000080000000, 0x0000000084300000, 0x00000000d5580000)
  object space 68608K, 67% used [0x0000000080000000,0x0000000082d20450,0x0000000084300000)
 Metaspace       used 69634K, committed 70976K, reserved 1114112K
  class space    used 8718K, committed 9280K, reserved 1048576K
}
Event: 41.825 GC heap before
{Heap before GC invocations=64 (full 3):
 PSYoungGen      total 16384K, used 16288K [0x00000000d5580000, 0x00000000d6800000, 0x0000000100000000)
  eden space 15872K, 100% used [0x00000000d5580000,0x00000000d6500000,0x00000000d6500000)
  from space 512K, 81% used [0x00000000d6780000,0x00000000d67e8000,0x00000000d6800000)
  to   space 512K, 0% used [0x00000000d6700000,0x00000000d6700000,0x00000000d6780000)
 ParOldGen       total 68608K, used 46209K [0x0000000080000000, 0x0000000084300000, 0x00000000d5580000)
  object space 68608K, 67% used [0x0000000080000000,0x0000000082d20450,0x0000000084300000)
 Metaspace       used 70358K, committed 71680K, reserved 1114112K
  class space    used 8806K, committed 9344K, reserved 1048576K
}
Event: 41.826 GC heap after
{Heap after GC invocations=64 (full 3):
 PSYoungGen      total 16384K, used 512K [0x00000000d5580000, 0x00000000d6800000, 0x0000000100000000)
  eden space 15872K, 0% used [0x00000000d5580000,0x00000000d5580000,0x00000000d6500000)
  from space 512K, 100% used [0x00000000d6700000,0x00000000d6780000,0x00000000d6780000)
  to   space 512K, 0% used [0x00000000d6780000,0x00000000d6780000,0x00000000d6800000)
 ParOldGen       total 68608K, used 46492K [0x0000000080000000, 0x0000000084300000, 0x00000000d5580000)
  object space 68608K, 67% used [0x0000000080000000,0x0000000082d670f0,0x0000000084300000)
 Metaspace       used 70358K, committed 71680K, reserved 1114112K
  class space    used 8806K, committed 9344K, reserved 1048576K
}
Event: 42.006 GC heap before
{Heap before GC invocations=65 (full 3):
 PSYoungGen      total 16384K, used 16383K [0x00000000d5580000, 0x00000000d6800000, 0x0000000100000000)
  eden space 15872K, 99% used [0x00000000d5580000,0x00000000d64ffc78,0x00000000d6500000)
  from space 512K, 100% used [0x00000000d6700000,0x00000000d6780000,0x00000000d6780000)
  to   space 512K, 0% used [0x00000000d6780000,0x00000000d6780000,0x00000000d6800000)
 ParOldGen       total 68608K, used 46492K [0x0000000080000000, 0x0000000084300000, 0x00000000d5580000)
  object space 68608K, 67% used [0x0000000080000000,0x0000000082d670f0,0x0000000084300000)
 Metaspace       used 71373K, committed 72832K, reserved 1114112K
  class space    used 8920K, committed 9536K, reserved 1048576K
}
Event: 42.007 GC heap after
{Heap after GC invocations=65 (full 3):
 PSYoungGen      total 16384K, used 504K [0x00000000d5580000, 0x00000000d6800000, 0x0000000100000000)
  eden space 15872K, 0% used [0x00000000d5580000,0x00000000d5580000,0x00000000d6500000)
  from space 512K, 98% used [0x00000000d6780000,0x00000000d67fe1a8,0x00000000d6800000)
  to   space 1536K, 0% used [0x00000000d6500000,0x00000000d6500000,0x00000000d6680000)
 ParOldGen       total 68608K, used 47132K [0x0000000080000000, 0x0000000084300000, 0x00000000d5580000)
  object space 68608K, 68% used [0x0000000080000000,0x0000000082e070f0,0x0000000084300000)
 Metaspace       used 71373K, committed 72832K, reserved 1114112K
  class space    used 8920K, committed 9536K, reserved 1048576K
}
Event: 42.431 GC heap before
{Heap before GC invocations=66 (full 3):
 PSYoungGen      total 16384K, used 16376K [0x00000000d5580000, 0x00000000d6800000, 0x0000000100000000)
  eden space 15872K, 100% used [0x00000000d5580000,0x00000000d6500000,0x00000000d6500000)
  from space 512K, 98% used [0x00000000d6780000,0x00000000d67fe1a8,0x00000000d6800000)
  to   space 1536K, 0% used [0x00000000d6500000,0x00000000d6500000,0x00000000d6680000)
 ParOldGen       total 68608K, used 47132K [0x0000000080000000, 0x0000000084300000, 0x00000000d5580000)
  object space 68608K, 68% used [0x0000000080000000,0x0000000082e070f0,0x0000000084300000)
 Metaspace       used 72352K, committed 73792K, reserved 1114112K
  class space    used 9047K, committed 9664K, reserved 1048576K
}
Event: 42.434 GC heap after
{Heap after GC invocations=66 (full 3):
 PSYoungGen      total 17408K, used 704K [0x00000000d5580000, 0x00000000d6800000, 0x0000000100000000)
  eden space 15872K, 0% used [0x00000000d5580000,0x00000000d5580000,0x00000000d6500000)
  from space 1536K, 45% used [0x00000000d6500000,0x00000000d65b0000,0x00000000d6680000)
  to   space 1024K, 0% used [0x00000000d6700000,0x00000000d6700000,0x00000000d6800000)
 ParOldGen       total 68608K, used 47606K [0x0000000080000000, 0x0000000084300000, 0x00000000d5580000)
  object space 68608K, 69% used [0x0000000080000000,0x0000000082e7d9b0,0x0000000084300000)
 Metaspace       used 72352K, committed 73792K, reserved 1114112K
  class space    used 9047K, committed 9664K, reserved 1048576K
}
Event: 2797.724 GC heap before
{Heap before GC invocations=67 (full 3):
 PSYoungGen      total 17408K, used 16576K [0x00000000d5580000, 0x00000000d6800000, 0x0000000100000000)
  eden space 15872K, 100% used [0x00000000d5580000,0x00000000d6500000,0x00000000d6500000)
  from space 1536K, 45% used [0x00000000d6500000,0x00000000d65b0000,0x00000000d6680000)
  to   space 1024K, 0% used [0x00000000d6700000,0x00000000d6700000,0x00000000d6800000)
 ParOldGen       total 68608K, used 47606K [0x0000000080000000, 0x0000000084300000, 0x00000000d5580000)
  object space 68608K, 69% used [0x0000000080000000,0x0000000082e7d9b0,0x0000000084300000)
 Metaspace       used 72609K, committed 74112K, reserved 1114112K
  class space    used 9061K, committed 9728K, reserved 1048576K
}
Event: 2797.760 GC heap after
{Heap after GC invocations=67 (full 3):
 PSYoungGen      total 16384K, used 320K [0x00000000d5580000, 0x00000000d6780000, 0x0000000100000000)
  eden space 15872K, 0% used [0x00000000d5580000,0x00000000d5580000,0x00000000d6500000)
  from space 512K, 62% used [0x00000000d6700000,0x00000000d6750000,0x00000000d6780000)
  to   space 512K, 0% used [0x00000000d6680000,0x00000000d6680000,0x00000000d6700000)
 ParOldGen       total 68608K, used 48117K [0x0000000080000000, 0x0000000084300000, 0x00000000d5580000)
  object space 68608K, 70% used [0x0000000080000000,0x0000000082efd418,0x0000000084300000)
 Metaspace       used 72609K, committed 74112K, reserved 1114112K
  class space    used 9061K, committed 9728K, reserved 1048576K
}

