# JRE version: OpenJDK Runtime Environment Temurin-21.0.10+7 (21.0.10+7) (build 21.0.10+7-LTS)
# Java VM: OpenJDK 64-Bit Server VM Temurin-21.0.10+7 (21.0.10+7-LTS, mixed mode, sharing, tiered, compressed oops, compressed class ptrs, parallel gc, windows-amd64)
GC Precious Log:
 CardTable entry size: 512
 CPUs: 12 total, 12 available
 Memory: 16068M
 Large Page Support: Disabled
 NUMA Support: Disabled
 Compressed Oops: Enabled (32-bit)
 Alignments: Space 512K, Generation 512K, Heap 2M
 Heap Min Capacity: 100M
 Heap Initial Capacity: 100M
 Heap Max Capacity: 2G
 Pre-touch: Disabled
 Parallel Workers: 10
Heap:
 PSYoungGen      total 13824K, used 5737K [0x00000000d5580000, 0x00000000d6880000, 0x0000000100000000)
  eden space 13312K, 39% used [0x00000000d5580000,0x00000000d5aaf4e8,0x00000000d6280000)
  from space 512K, 83% used [0x00000000d6400000,0x00000000d646b020,0x00000000d6480000)
  to   space 1536K, 0% used [0x00000000d6700000,0x00000000d6700000,0x00000000d6880000)
 ParOldGen       total 536576K, used 536254K [0x0000000080000000, 0x00000000a0c00000, 0x00000000d5580000)
  object space 536576K, 99% used [0x0000000080000000,0x00000000a0bafaf8,0x00000000a0c00000)
 Metaspace       used 95622K, committed 97280K, reserved 1179648K
  class space    used 10557K, committed 11328K, reserved 1048576K
GC Heap History (20 events):
Event: 10296.521 GC heap after
{Heap after GC invocations=2453 (full 5):
 PSYoungGen      total 12288K, used 992K [0x00000000d5580000, 0x00000000d6280000, 0x0000000100000000)
  eden space 10752K, 0% used [0x00000000d5580000,0x00000000d5580000,0x00000000d6000000)
  from space 1536K, 64% used [0x00000000d6000000,0x00000000d60f8000,0x00000000d6180000)
  to   space 1024K, 0% used [0x00000000d6180000,0x00000000d6180000,0x00000000d6280000)
 ParOldGen       total 521216K, used 520705K [0x0000000080000000, 0x000000009fd00000, 0x00000000d5580000)
  object space 521216K, 99% used [0x0000000080000000,0x000000009fc80488,0x000000009fd00000)
 Metaspace       used 95622K, committed 97280K, reserved 1179648K
  class space    used 10557K, committed 11328K, reserved 1048576K
}
Event: 10296.552 GC heap before
{Heap before GC invocations=2454 (full 5):
 PSYoungGen      total 12288K, used 11744K [0x00000000d5580000, 0x00000000d6280000, 0x0000000100000000)
  eden space 10752K, 100% used [0x00000000d5580000,0x00000000d6000000,0x00000000d6000000)
  from space 1536K, 64% used [0x00000000d6000000,0x00000000d60f8000,0x00000000d6180000)
  to   space 1024K, 0% used [0x00000000d6180000,0x00000000d6180000,0x00000000d6280000)
 ParOldGen       total 521216K, used 520705K [0x0000000080000000, 0x000000009fd00000, 0x00000000d5580000)
  object space 521216K, 99% used [0x0000000080000000,0x000000009fc80488,0x000000009fd00000)
 Metaspace       used 95622K, committed 97280K, reserved 1179648K
  class space    used 10557K, committed 11328K, reserved 1048576K
}
Event: 10296.555 GC heap after
{Heap after GC invocations=2454 (full 5):
 PSYoungGen      total 11264K, used 1004K [0x00000000d5580000, 0x00000000d6400000, 0x0000000100000000)
  eden space 10240K, 0% used [0x00000000d5580000,0x00000000d5580000,0x00000000d5f80000)
  from space 1024K, 98% used [0x00000000d6180000,0x00000000d627b1e8,0x00000000d6280000)
  to   space 2048K, 0% used [0x00000000d5f80000,0x00000000d5f80000,0x00000000d6180000)
 ParOldGen       total 521728K, used 521573K [0x0000000080000000, 0x000000009fd80000, 0x00000000d5580000)
  object space 521728K, 99% used [0x0000000080000000,0x000000009fd59438,0x000000009fd80000)
 Metaspace       used 95622K, committed 97280K, reserved 1179648K
  class space    used 10557K, committed 11328K, reserved 1048576K
}
Event: 10296.581 GC heap before
{Heap before GC invocations=2455 (full 5):
 PSYoungGen      total 11264K, used 11225K [0x00000000d5580000, 0x00000000d6400000, 0x0000000100000000)
  eden space 10240K, 99% used [0x00000000d5580000,0x00000000d5f7b548,0x00000000d5f80000)
  from space 1024K, 98% used [0x00000000d6180000,0x00000000d627b1e8,0x00000000d6280000)
  to   space 2048K, 0% used [0x00000000d5f80000,0x00000000d5f80000,0x00000000d6180000)
 ParOldGen       total 521728K, used 521573K [0x0000000080000000, 0x000000009fd80000, 0x00000000d5580000)
  object space 521728K, 99% used [0x0000000080000000,0x000000009fd59438,0x000000009fd80000)
 Metaspace       used 95622K, committed 97280K, reserved 1179648K
  class space    used 10557K, committed 11328K, reserved 1048576K
}
Event: 10296.583 GC heap after
{Heap after GC invocations=2455 (full 5):
 PSYoungGen      total 11264K, used 920K [0x00000000d5580000, 0x00000000d6280000, 0x0000000100000000)
  eden space 10240K, 0% used [0x00000000d5580000,0x00000000d5580000,0x00000000d5f80000)
  from space 1024K, 89% used [0x00000000d5f80000,0x00000000d60663a0,0x00000000d6080000)
  to   space 1536K, 0% used [0x00000000d6100000,0x00000000d6100000,0x00000000d6280000)
 ParOldGen       total 522752K, used 522634K [0x0000000080000000, 0x000000009fe80000, 0x00000000d5580000)
  object space 522752K, 99% used [0x0000000080000000,0x000000009fe62930,0x000000009fe80000)
 Metaspace       used 95622K, committed 97280K, reserved 1179648K
  class space    used 10557K, committed 11328K, reserved 1048576K
}
Event: 10296.612 GC heap before
{Heap before GC invocations=2456 (full 5):
 PSYoungGen      total 11264K, used 11160K [0x00000000d5580000, 0x00000000d6280000, 0x0000000100000000)
  eden space 10240K, 100% used [0x00000000d5580000,0x00000000d5f80000,0x00000000d5f80000)
  from space 1024K, 89% used [0x00000000d5f80000,0x00000000d60663a0,0x00000000d6080000)
  to   space 1536K, 0% used [0x00000000d6100000,0x00000000d6100000,0x00000000d6280000)
 ParOldGen       total 522752K, used 522634K [0x0000000080000000, 0x000000009fe80000, 0x00000000d5580000)
  object space 522752K, 99% used [0x0000000080000000,0x000000009fe62930,0x000000009fe80000)
 Metaspace       used 95622K, committed 97280K, reserved 1179648K
  class space    used 10557K, committed 11328K, reserved 1048576K
}
Event: 10296.615 GC heap after
{Heap after GC invocations=2456 (full 5):
 PSYoungGen      total 11776K, used 1026K [0x00000000d5580000, 0x00000000d6280000, 0x0000000100000000)
  eden space 10240K, 0% used [0x00000000d5580000,0x00000000d5580000,0x00000000d5f80000)
  from space 1536K, 66% used [0x00000000d6100000,0x00000000d6200ac8,0x00000000d6280000)
  to   space 1536K, 0% used [0x00000000d5f80000,0x00000000d5f80000,0x00000000d6100000)
 ParOldGen       total 523776K, used 523450K [0x0000000080000000, 0x000000009ff80000, 0x00000000d5580000)
  object space 523776K, 99% used [0x0000000080000000,0x000000009ff2ea00,0x000000009ff80000)
 Metaspace       used 95622K, committed 97280K, reserved 1179648K
  class space    used 10557K, committed 11328K, reserved 1048576K
}
Event: 10296.644 GC heap before
{Heap before GC invocations=2457 (full 5):
 PSYoungGen      total 11776K, used 11259K [0x00000000d5580000, 0x00000000d6280000, 0x0000000100000000)
  eden space 10240K, 99% used [0x00000000d5580000,0x00000000d5f7e208,0x00000000d5f80000)
  from space 1536K, 66% used [0x00000000d6100000,0x00000000d6200ac8,0x00000000d6280000)
  to   space 1536K, 0% used [0x00000000d5f80000,0x00000000d5f80000,0x00000000d6100000)
 ParOldGen       total 523776K, used 523450K [0x0000000080000000, 0x000000009ff80000, 0x00000000d5580000)
  object space 523776K, 99% used [0x0000000080000000,0x000000009ff2ea00,0x000000009ff80000)
 Metaspace       used 95622K, committed 97280K, reserved 1179648K
  class space    used 10557K, committed 11328K, reserved 1048576K
}
Event: 10296.647 GC heap after
{Heap after GC invocations=2457 (full 5):
 PSYoungGen      total 11776K, used 1172K [0x00000000d5580000, 0x00000000d6280000, 0x0000000100000000)
  eden space 10240K, 0% used [0x00000000d5580000,0x00000000d5580000,0x00000000d5f80000)
  from space 1536K, 76% used [0x00000000d5f80000,0x00000000d60a5090,0x00000000d6100000)
  to   space 1536K, 0% used [0x00000000d6100000,0x00000000d6100000,0x00000000d6280000)
 ParOldGen       total 524800K, used 524450K [0x0000000080000000, 0x00000000a0080000, 0x00000000d5580000)
  object space 524800K, 99% used [0x0000000080000000,0x00000000a00289e0,0x00000000a0080000)
 Metaspace       used 95622K, committed 97280K, reserved 1179648K
  class space    used 10557K, committed 11328K, reserved 1048576K
}
Event: 10296.675 GC heap before
{Heap before GC invocations=2458 (full 5):
 PSYoungGen      total 11776K, used 11412K [0x00000000d5580000, 0x00000000d6280000, 0x0000000100000000)
  eden space 10240K, 100% used [0x00000000d5580000,0x00000000d5f80000,0x00000000d5f80000)
  from space 1536K, 76% used [0x00000000d5f80000,0x00000000d60a5090,0x00000000d6100000)
  to   space 1536K, 0% used [0x00000000d6100000,0x00000000d6100000,0x00000000d6280000)
 ParOldGen       total 524800K, used 524450K [0x0000000080000000, 0x00000000a0080000, 0x00000000d5580000)
  object space 524800K, 99% used [0x0000000080000000,0x00000000a00289e0,0x00000000a0080000)
 Metaspace       used 95622K, committed 97280K, reserved 1179648K
  class space    used 10557K, committed 11328K, reserved 1048576K
}
Event: 10296.677 GC heap after
{Heap after GC invocations=2458 (full 5):
 PSYoungGen      total 10240K, used 1516K [0x00000000d5580000, 0x00000000d6580000, 0x0000000100000000)
  eden space 8704K, 0% used [0x00000000d5580000,0x00000000d5580000,0x00000000d5e00000)
  from space 1536K, 98% used [0x00000000d6100000,0x00000000d627b158,0x00000000d6280000)
  to   space 3072K, 0% used [0x00000000d5e00000,0x00000000d5e00000,0x00000000d6100000)
 ParOldGen       total 525824K, used 525646K [0x0000000080000000, 0x00000000a0180000, 0x00000000d5580000)
  object space 525824K, 99% used [0x0000000080000000,0x00000000a0153a10,0x00000000a0180000)
 Metaspace       used 95622K, committed 97280K, reserved 1179648K
  class space    used 10557K, committed 11328K, reserved 1048576K
}
Event: 10296.680 GC heap before
{Heap before GC invocations=2459 (full 5):
 PSYoungGen      total 10240K, used 10220K [0x00000000d5580000, 0x00000000d6580000, 0x0000000100000000)
  eden space 8704K, 100% used [0x00000000d5580000,0x00000000d5e00000,0x00000000d5e00000)
  from space 1536K, 98% used [0x00000000d6100000,0x00000000d627b158,0x00000000d6280000)
  to   space 3072K, 0% used [0x00000000d5e00000,0x00000000d5e00000,0x00000000d6100000)
 ParOldGen       total 525824K, used 525661K [0x0000000080000000, 0x00000000a0180000, 0x00000000d5580000)
  object space 525824K, 99% used [0x0000000080000000,0x00000000a01574b0,0x00000000a0180000)
 Metaspace       used 95622K, committed 97280K, reserved 1179648K
  class space    used 10557K, committed 11328K, reserved 1048576K
}
Event: 10296.684 GC heap after
{Heap after GC invocations=2459 (full 5):
 PSYoungGen      total 11776K, used 2624K [0x00000000d5580000, 0x00000000d6580000, 0x0000000100000000)
  eden space 8704K, 0% used [0x00000000d5580000,0x00000000d5580000,0x00000000d5e00000)
  from space 3072K, 85% used [0x00000000d5e00000,0x00000000d6090000,0x00000000d6100000)
  to   space 3072K, 0% used [0x00000000d6280000,0x00000000d6280000,0x00000000d6580000)
 ParOldGen       total 527360K, used 527016K [0x0000000080000000, 0x00000000a0300000, 0x00000000d5580000)
  object space 527360K, 99% used [0x0000000080000000,0x00000000a02aa308,0x00000000a0300000)
 Metaspace       used 95622K, committed 97280K, reserved 1179648K
  class space    used 10557K, committed 11328K, reserved 1048576K
}
Event: 10296.688 GC heap before
{Heap before GC invocations=2460 (full 5):
 PSYoungGen      total 11776K, used 11328K [0x00000000d5580000, 0x00000000d6580000, 0x0000000100000000)
  eden space 8704K, 100% used [0x00000000d5580000,0x00000000d5e00000,0x00000000d5e00000)
  from space 3072K, 85% used [0x00000000d5e00000,0x00000000d6090000,0x00000000d6100000)
  to   space 3072K, 0% used [0x00000000d6280000,0x00000000d6280000,0x00000000d6580000)
 ParOldGen       total 527360K, used 527018K [0x0000000080000000, 0x00000000a0300000, 0x00000000d5580000)
  object space 527360K, 99% used [0x0000000080000000,0x00000000a02aa908,0x00000000a0300000)
 Metaspace       used 95622K, committed 97280K, reserved 1179648K
  class space    used 10557K, committed 11328K, reserved 1048576K
}
Event: 10296.692 GC heap after
{Heap after GC invocations=2460 (full 5):
 PSYoungGen      total 13312K, used 2040K [0x00000000d5580000, 0x00000000d6500000, 0x0000000100000000)
  eden space 10752K, 0% used [0x00000000d5580000,0x00000000d5580000,0x00000000d6000000)
  from space 2560K, 79% used [0x00000000d6280000,0x00000000d647e230,0x00000000d6500000)
  to   space 2560K, 0% used [0x00000000d6000000,0x00000000d6000000,0x00000000d6280000)
 ParOldGen       total 529408K, used 528992K [0x0000000080000000, 0x00000000a0500000, 0x00000000d5580000)
  object space 529408K, 99% used [0x0000000080000000,0x00000000a04980d0,0x00000000a0500000)
 Metaspace       used 95622K, committed 97280K, reserved 1179648K
  class space    used 10557K, committed 11328K, reserved 1048576K
}
Event: 10296.703 GC heap before
{Heap before GC invocations=2461 (full 5):
 PSYoungGen      total 13312K, used 12792K [0x00000000d5580000, 0x00000000d6500000, 0x0000000100000000)
  eden space 10752K, 100% used [0x00000000d5580000,0x00000000d6000000,0x00000000d6000000)
  from space 2560K, 79% used [0x00000000d6280000,0x00000000d647e230,0x00000000d6500000)
  to   space 2560K, 0% used [0x00000000d6000000,0x00000000d6000000,0x00000000d6280000)
 ParOldGen       total 529408K, used 528992K [0x0000000080000000, 0x00000000a0500000, 0x00000000d5580000)
  object space 529408K, 99% used [0x0000000080000000,0x00000000a04980d0,0x00000000a0500000)
 Metaspace       used 95622K, committed 97280K, reserved 1179648K
  class space    used 10557K, committed 11328K, reserved 1048576K
}
Event: 10296.708 GC heap after
{Heap after GC invocations=2461 (full 5):
 PSYoungGen      total 13312K, used 2537K [0x00000000d5580000, 0x00000000d6d80000, 0x0000000100000000)
  eden space 10752K, 0% used [0x00000000d5580000,0x00000000d5580000,0x00000000d6000000)
  from space 2560K, 99% used [0x00000000d6000000,0x00000000d627a640,0x00000000d6280000)
  to   space 5632K, 0% used [0x00000000d6800000,0x00000000d6800000,0x00000000d6d80000)
 ParOldGen       total 531456K, used 531365K [0x0000000080000000, 0x00000000a0700000, 0x00000000d5580000)
  object space 531456K, 99% used [0x0000000080000000,0x00000000a06e9710,0x00000000a0700000)
 Metaspace       used 95622K, committed 97280K, reserved 1179648K
  class space    used 10557K, committed 11328K, reserved 1048576K
}
Event: 10296.716 GC heap before
{Heap before GC invocations=2462 (full 5):
 PSYoungGen      total 13312K, used 13289K [0x00000000d5580000, 0x00000000d6d80000, 0x0000000100000000)
  eden space 10752K, 100% used [0x00000000d5580000,0x00000000d6000000,0x00000000d6000000)
  from space 2560K, 99% used [0x00000000d6000000,0x00000000d627a640,0x00000000d6280000)
  to   space 5632K, 0% used [0x00000000d6800000,0x00000000d6800000,0x00000000d6d80000)
 ParOldGen       total 531456K, used 531367K [0x0000000080000000, 0x00000000a0700000, 0x00000000d5580000)
  object space 531456K, 99% used [0x0000000080000000,0x00000000a06e9d10,0x00000000a0700000)
 Metaspace       used 95622K, committed 97280K, reserved 1179648K
  class space    used 10557K, committed 11328K, reserved 1048576K
}
Event: 10296.723 GC heap after
{Heap after GC invocations=2462 (full 5):
 PSYoungGen      total 16384K, used 2689K [0x00000000d5580000, 0x00000000d6b00000, 0x0000000100000000)
  eden space 13312K, 0% used [0x00000000d5580000,0x00000000d5580000,0x00000000d6280000)
  from space 3072K, 87% used [0x00000000d6800000,0x00000000d6aa06d0,0x00000000d6b00000)
  to   space 3584K, 0% used [0x00000000d6400000,0x00000000d6400000,0x00000000d6780000)
 ParOldGen       total 534016K, used 533574K [0x0000000080000000, 0x00000000a0980000, 0x00000000d5580000)
  object space 534016K, 99% used [0x0000000080000000,0x00000000a0911b70,0x00000000a0980000)
 Metaspace       used 95622K, committed 97280K, reserved 1179648K
  class space    used 10557K, committed 11328K, reserved 1048576K
}
Event: 10297.734 GC heap before
{Heap before GC invocations=2463 (full 5):
 PSYoungGen      total 16384K, used 16001K [0x00000000d5580000, 0x00000000d6b00000, 0x0000000100000000)
  eden space 13312K, 100% used [0x00000000d5580000,0x00000000d6280000,0x00000000d6280000)
  from space 3072K, 87% used [0x00000000d6800000,0x00000000d6aa06d0,0x00000000d6b00000)
  to   space 3584K, 0% used [0x00000000d6400000,0x00000000d6400000,0x00000000d6780000)
 ParOldGen       total 534016K, used 533879K [0x0000000080000000, 0x00000000a0980000, 0x00000000d5580000)
  object space 534016K, 99% used [0x0000000080000000,0x00000000a095df38,0x00000000a0980000)
 Metaspace       used 95622K, committed 97280K, reserved 1179648K
  class space    used 10557K, committed 11328K, reserved 1048576K
}

