# JRE version: OpenJDK Runtime Environment Temurin-21.0.10+7 (21.0.10+7) (build 21.0.10+7-LTS)
# Java VM: OpenJDK 64-Bit Server VM Temurin-21.0.10+7 (21.0.10+7-LTS, mixed mode, sharing, tiered, compressed oops, compressed class ptrs, parallel gc, windows-amd64)
GC Precious Log:
 CardTable entry size: 512
 CPUs: 12 total, 12 available
 Memory: 16068M
 Large Page Support: Disabled
 NUMA Support: Disabled
 Compressed Oops: Enabled (32-bit)
 Alignments: Space 512K, Generation 512K, Heap 2M
 Heap Min Capacity: 100M
 Heap Initial Capacity: 100M
 Heap Max Capacity: 2G
 Pre-touch: Disabled
 Parallel Workers: 10
Heap:
 PSYoungGen      total 3584K, used 2580K [0x00000000d5580000, 0x00000000d5b80000, 0x0000000100000000)
  eden space 2560K, 74% used [0x00000000d5580000,0x00000000d575ff28,0x00000000d5800000)
  from space 1024K, 65% used [0x00000000d5980000,0x00000000d5a28020,0x00000000d5a80000)
  to   space 1024K, 0% used [0x00000000d5a80000,0x00000000d5a80000,0x00000000d5b80000)
 ParOldGen       total 148480K, used 148179K [0x0000000080000000, 0x0000000089100000, 0x00000000d5580000)
  object space 148480K, 99% used [0x0000000080000000,0x00000000890b4ce8,0x0000000089100000)
 Metaspace       used 89372K, committed 91136K, reserved 1179648K
  class space    used 11168K, committed 11968K, reserved 1048576K
GC Heap History (20 events):
Event: 73.936 GC heap before
{Heap before GC invocations=127 (full 3):
 PSYoungGen      total 4608K, used 4449K [0x00000000d5580000, 0x00000000d6280000, 0x0000000100000000)
  eden space 2560K, 100% used [0x00000000d5580000,0x00000000d5800000,0x00000000d5800000)
  from space 2048K, 92% used [0x00000000d5800000,0x00000000d59d87b8,0x00000000d5a00000)
  to   space 4608K, 0% used [0x00000000d5e00000,0x00000000d5e00000,0x00000000d6280000)
 ParOldGen       total 136704K, used 136648K [0x0000000080000000, 0x0000000088580000, 0x00000000d5580000)
  object space 136704K, 99% used [0x0000000080000000,0x0000000088572140,0x0000000088580000)
 Metaspace       used 87612K, committed 89280K, reserved 1179648K
  class space    used 11011K, committed 11712K, reserved 1048576K
}
Event: 73.942 GC heap after
{Heap after GC invocations=127 (full 3):
 PSYoungGen      total 5120K, used 2351K [0x00000000d5580000, 0x00000000d6080000, 0x0000000100000000)
  eden space 2560K, 0% used [0x00000000d5580000,0x00000000d5580000,0x00000000d5800000)
  from space 2560K, 91% used [0x00000000d5e00000,0x00000000d604be18,0x00000000d6080000)
  to   space 3072K, 0% used [0x00000000d5a80000,0x00000000d5a80000,0x00000000d5d80000)
 ParOldGen       total 138240K, used 137941K [0x0000000080000000, 0x0000000088700000, 0x00000000d5580000)
  object space 138240K, 99% used [0x0000000080000000,0x00000000886b5558,0x0000000088700000)
 Metaspace       used 87612K, committed 89280K, reserved 1179648K
  class space    used 11011K, committed 11712K, reserved 1048576K
}
Event: 73.996 GC heap before
{Heap before GC invocations=128 (full 3):
 PSYoungGen      total 5120K, used 4821K [0x00000000d5580000, 0x00000000d6080000, 0x0000000100000000)
  eden space 2560K, 96% used [0x00000000d5580000,0x00000000d57e97c0,0x00000000d5800000)
  from space 2560K, 91% used [0x00000000d5e00000,0x00000000d604be18,0x00000000d6080000)
  to   space 3072K, 0% used [0x00000000d5a80000,0x00000000d5a80000,0x00000000d5d80000)
 ParOldGen       total 138240K, used 137941K [0x0000000080000000, 0x0000000088700000, 0x00000000d5580000)
  object space 138240K, 99% used [0x0000000080000000,0x00000000886b5558,0x0000000088700000)
 Metaspace       used 87612K, committed 89280K, reserved 1179648K
  class space    used 11011K, committed 11712K, reserved 1048576K
}
Event: 74.002 GC heap after
{Heap after GC invocations=128 (full 3):
 PSYoungGen      total 5632K, used 2678K [0x00000000d5580000, 0x00000000d5e80000, 0x0000000100000000)
  eden space 2560K, 0% used [0x00000000d5580000,0x00000000d5580000,0x00000000d5800000)
  from space 3072K, 87% used [0x00000000d5a80000,0x00000000d5d1d9e8,0x00000000d5d80000)
  to   space 1024K, 0% used [0x00000000d5d80000,0x00000000d5d80000,0x00000000d5e80000)
 ParOldGen       total 140288K, used 140137K [0x0000000080000000, 0x0000000088900000, 0x00000000d5580000)
  object space 140288K, 99% used [0x0000000080000000,0x00000000888da480,0x0000000088900000)
 Metaspace       used 87612K, committed 89280K, reserved 1179648K
  class space    used 11011K, committed 11712K, reserved 1048576K
}
Event: 74.053 GC heap before
{Heap before GC invocations=129 (full 3):
 PSYoungGen      total 5632K, used 5238K [0x00000000d5580000, 0x00000000d5e80000, 0x0000000100000000)
  eden space 2560K, 100% used [0x00000000d5580000,0x00000000d5800000,0x00000000d5800000)
  from space 3072K, 87% used [0x00000000d5a80000,0x00000000d5d1d9e8,0x00000000d5d80000)
  to   space 1024K, 0% used [0x00000000d5d80000,0x00000000d5d80000,0x00000000d5e80000)
 ParOldGen       total 140288K, used 140137K [0x0000000080000000, 0x0000000088900000, 0x00000000d5580000)
  object space 140288K, 99% used [0x0000000080000000,0x00000000888da480,0x0000000088900000)
 Metaspace       used 87739K, committed 89408K, reserved 1179648K
  class space    used 11028K, committed 11776K, reserved 1048576K
}
Event: 74.055 GC heap after
{Heap after GC invocations=129 (full 3):
 PSYoungGen      total 3584K, used 1012K [0x00000000d5580000, 0x00000000d6000000, 0x0000000100000000)
  eden space 2560K, 0% used [0x00000000d5580000,0x00000000d5580000,0x00000000d5800000)
  from space 1024K, 98% used [0x00000000d5d80000,0x00000000d5e7d350,0x00000000d5e80000)
  to   space 4096K, 0% used [0x00000000d5800000,0x00000000d5800000,0x00000000d5c00000)
 ParOldGen       total 142848K, used 142691K [0x0000000080000000, 0x0000000088b80000, 0x00000000d5580000)
  object space 142848K, 99% used [0x0000000080000000,0x0000000088b58d90,0x0000000088b80000)
 Metaspace       used 87739K, committed 89408K, reserved 1179648K
  class space    used 11028K, committed 11776K, reserved 1048576K
}
Event: 74.100 GC heap before
{Heap before GC invocations=130 (full 3):
 PSYoungGen      total 3584K, used 3540K [0x00000000d5580000, 0x00000000d6000000, 0x0000000100000000)
  eden space 2560K, 98% used [0x00000000d5580000,0x00000000d57f7d20,0x00000000d5800000)
  from space 1024K, 98% used [0x00000000d5d80000,0x00000000d5e7d350,0x00000000d5e80000)
  to   space 4096K, 0% used [0x00000000d5800000,0x00000000d5800000,0x00000000d5c00000)
 ParOldGen       total 142848K, used 142691K [0x0000000080000000, 0x0000000088b80000, 0x00000000d5580000)
  object space 142848K, 99% used [0x0000000080000000,0x0000000088b58d90,0x0000000088b80000)
 Metaspace       used 87935K, committed 89600K, reserved 1179648K
  class space    used 11048K, committed 11776K, reserved 1048576K
}
Event: 74.103 GC heap after
{Heap after GC invocations=130 (full 3):
 PSYoungGen      total 6656K, used 1081K [0x00000000d5580000, 0x00000000d5e00000, 0x0000000100000000)
  eden space 2560K, 0% used [0x00000000d5580000,0x00000000d5580000,0x00000000d5800000)
  from space 4096K, 26% used [0x00000000d5800000,0x00000000d590e5b0,0x00000000d5c00000)
  to   space 2048K, 0% used [0x00000000d5c00000,0x00000000d5c00000,0x00000000d5e00000)
 ParOldGen       total 143872K, used 143586K [0x0000000080000000, 0x0000000088c80000, 0x00000000d5580000)
  object space 143872K, 99% used [0x0000000080000000,0x0000000088c38b28,0x0000000088c80000)
 Metaspace       used 87935K, committed 89600K, reserved 1179648K
  class space    used 11048K, committed 11776K, reserved 1048576K
}
Event: 74.135 GC heap before
{Heap before GC invocations=131 (full 3):
 PSYoungGen      total 6656K, used 3641K [0x00000000d5580000, 0x00000000d5e00000, 0x0000000100000000)
  eden space 2560K, 100% used [0x00000000d5580000,0x00000000d5800000,0x00000000d5800000)
  from space 4096K, 26% used [0x00000000d5800000,0x00000000d590e5b0,0x00000000d5c00000)
  to   space 2048K, 0% used [0x00000000d5c00000,0x00000000d5c00000,0x00000000d5e00000)
 ParOldGen       total 143872K, used 143586K [0x0000000080000000, 0x0000000088c80000, 0x00000000d5580000)
  object space 143872K, 99% used [0x0000000080000000,0x0000000088c38b28,0x0000000088c80000)
 Metaspace       used 88173K, committed 89856K, reserved 1179648K
  class space    used 11061K, committed 11776K, reserved 1048576K
}
Event: 74.137 GC heap after
{Heap after GC invocations=131 (full 3):
 PSYoungGen      total 4608K, used 1607K [0x00000000d5580000, 0x00000000d5e00000, 0x0000000100000000)
  eden space 2560K, 0% used [0x00000000d5580000,0x00000000d5580000,0x00000000d5800000)
  from space 2048K, 78% used [0x00000000d5c00000,0x00000000d5d91d30,0x00000000d5e00000)
  to   space 2048K, 0% used [0x00000000d5a00000,0x00000000d5a00000,0x00000000d5c00000)
 ParOldGen       total 144384K, used 144381K [0x0000000080000000, 0x0000000088d00000, 0x00000000d5580000)
  object space 144384K, 99% used [0x0000000080000000,0x0000000088cff5c8,0x0000000088d00000)
 Metaspace       used 88173K, committed 89856K, reserved 1179648K
  class space    used 11061K, committed 11776K, reserved 1048576K
}
Event: 74.205 GC heap before
{Heap before GC invocations=132 (full 3):
 PSYoungGen      total 4608K, used 4117K [0x00000000d5580000, 0x00000000d5e00000, 0x0000000100000000)
  eden space 2560K, 98% used [0x00000000d5580000,0x00000000d57f3760,0x00000000d5800000)
  from space 2048K, 78% used [0x00000000d5c00000,0x00000000d5d91d30,0x00000000d5e00000)
  to   space 2048K, 0% used [0x00000000d5a00000,0x00000000d5a00000,0x00000000d5c00000)
 ParOldGen       total 144384K, used 144381K [0x0000000080000000, 0x0000000088d00000, 0x00000000d5580000)
  object space 144384K, 99% used [0x0000000080000000,0x0000000088cff5c8,0x0000000088d00000)
 Metaspace       used 88407K, committed 90112K, reserved 1179648K
  class space    used 11078K, committed 11840K, reserved 1048576K
}
Event: 74.207 GC heap after
{Heap after GC invocations=132 (full 3):
 PSYoungGen      total 3584K, used 796K [0x00000000d5580000, 0x00000000d5c80000, 0x0000000100000000)
  eden space 2560K, 0% used [0x00000000d5580000,0x00000000d5580000,0x00000000d5800000)
  from space 1024K, 77% used [0x00000000d5a00000,0x00000000d5ac7068,0x00000000d5b00000)
  to   space 1536K, 0% used [0x00000000d5b00000,0x00000000d5b00000,0x00000000d5c80000)
 ParOldGen       total 145920K, used 145837K [0x0000000080000000, 0x0000000088e80000, 0x00000000d5580000)
  object space 145920K, 99% used [0x0000000080000000,0x0000000088e6b720,0x0000000088e80000)
 Metaspace       used 88407K, committed 90112K, reserved 1179648K
  class space    used 11078K, committed 11840K, reserved 1048576K
}
Event: 74.288 GC heap before
{Heap before GC invocations=133 (full 3):
 PSYoungGen      total 3584K, used 3356K [0x00000000d5580000, 0x00000000d5c80000, 0x0000000100000000)
  eden space 2560K, 99% used [0x00000000d5580000,0x00000000d57ffff8,0x00000000d5800000)
  from space 1024K, 77% used [0x00000000d5a00000,0x00000000d5ac7068,0x00000000d5b00000)
  to   space 1536K, 0% used [0x00000000d5b00000,0x00000000d5b00000,0x00000000d5c80000)
 ParOldGen       total 145920K, used 145837K [0x0000000080000000, 0x0000000088e80000, 0x00000000d5580000)
  object space 145920K, 99% used [0x0000000080000000,0x0000000088e6b720,0x0000000088e80000)
 Metaspace       used 88567K, committed 90240K, reserved 1179648K
  class space    used 11093K, committed 11840K, reserved 1048576K
}
Event: 74.290 GC heap after
{Heap after GC invocations=133 (full 3):
 PSYoungGen      total 3584K, used 608K [0x00000000d5580000, 0x00000000d5c00000, 0x0000000100000000)
  eden space 2560K, 0% used [0x00000000d5580000,0x00000000d5580000,0x00000000d5800000)
  from space 1024K, 59% used [0x00000000d5b00000,0x00000000d5b98010,0x00000000d5c00000)
  to   space 1024K, 0% used [0x00000000d5a00000,0x00000000d5a00000,0x00000000d5b00000)
 ParOldGen       total 146944K, used 146455K [0x0000000080000000, 0x0000000088f80000, 0x00000000d5580000)
  object space 146944K, 99% used [0x0000000080000000,0x0000000088f05d70,0x0000000088f80000)
 Metaspace       used 88567K, committed 90240K, reserved 1179648K
  class space    used 11093K, committed 11840K, reserved 1048576K
}
Event: 74.330 GC heap before
{Heap before GC invocations=134 (full 3):
 PSYoungGen      total 3584K, used 3168K [0x00000000d5580000, 0x00000000d5c00000, 0x0000000100000000)
  eden space 2560K, 99% used [0x00000000d5580000,0x00000000d57ffff8,0x00000000d5800000)
  from space 1024K, 59% used [0x00000000d5b00000,0x00000000d5b98010,0x00000000d5c00000)
  to   space 1024K, 0% used [0x00000000d5a00000,0x00000000d5a00000,0x00000000d5b00000)
 ParOldGen       total 146944K, used 146455K [0x0000000080000000, 0x0000000088f80000, 0x00000000d5580000)
  object space 146944K, 99% used [0x0000000080000000,0x0000000088f05d70,0x0000000088f80000)
 Metaspace       used 88818K, committed 90560K, reserved 1179648K
  class space    used 11107K, committed 11904K, reserved 1048576K
}
Event: 74.331 GC heap after
{Heap after GC invocations=134 (full 3):
 PSYoungGen      total 3584K, used 415K [0x00000000d5580000, 0x00000000d5b80000, 0x0000000100000000)
  eden space 2560K, 0% used [0x00000000d5580000,0x00000000d5580000,0x00000000d5800000)
  from space 1024K, 40% used [0x00000000d5a00000,0x00000000d5a67e00,0x00000000d5b00000)
  to   space 512K, 0% used [0x00000000d5b00000,0x00000000d5b00000,0x00000000d5b80000)
 ParOldGen       total 146944K, used 146815K [0x0000000080000000, 0x0000000088f80000, 0x00000000d5580000)
  object space 146944K, 99% used [0x0000000080000000,0x0000000088f5fcc0,0x0000000088f80000)
 Metaspace       used 88818K, committed 90560K, reserved 1179648K
  class space    used 11107K, committed 11904K, reserved 1048576K
}
Event: 74.376 GC heap before
{Heap before GC invocations=135 (full 3):
 PSYoungGen      total 3584K, used 2975K [0x00000000d5580000, 0x00000000d5b80000, 0x0000000100000000)
  eden space 2560K, 100% used [0x00000000d5580000,0x00000000d5800000,0x00000000d5800000)
  from space 1024K, 40% used [0x00000000d5a00000,0x00000000d5a67e00,0x00000000d5b00000)
  to   space 512K, 0% used [0x00000000d5b00000,0x00000000d5b00000,0x00000000d5b80000)
 ParOldGen       total 146944K, used 146815K [0x0000000080000000, 0x0000000088f80000, 0x00000000d5580000)
  object space 146944K, 99% used [0x0000000080000000,0x0000000088f5fcc0,0x0000000088f80000)
 Metaspace       used 88976K, committed 90688K, reserved 1179648K
  class space    used 11122K, committed 11904K, reserved 1048576K
}
Event: 74.377 GC heap after
{Heap after GC invocations=135 (full 3):
 PSYoungGen      total 3072K, used 464K [0x00000000d5580000, 0x00000000d5b80000, 0x0000000100000000)
  eden space 2560K, 0% used [0x00000000d5580000,0x00000000d5580000,0x00000000d5800000)
  from space 512K, 90% used [0x00000000d5b00000,0x00000000d5b74030,0x00000000d5b80000)
  to   space 512K, 0% used [0x00000000d5a80000,0x00000000d5a80000,0x00000000d5b00000)
 ParOldGen       total 147456K, used 147041K [0x0000000080000000, 0x0000000089000000, 0x00000000d5580000)
  object space 147456K, 99% used [0x0000000080000000,0x0000000088f985d0,0x0000000089000000)
 Metaspace       used 88976K, committed 90688K, reserved 1179648K
  class space    used 11122K, committed 11904K, reserved 1048576K
}
Event: 74.460 GC heap before
{Heap before GC invocations=136 (full 3):
 PSYoungGen      total 3072K, used 3023K [0x00000000d5580000, 0x00000000d5b80000, 0x0000000100000000)
  eden space 2560K, 99% used [0x00000000d5580000,0x00000000d57ffc28,0x00000000d5800000)
  from space 512K, 90% used [0x00000000d5b00000,0x00000000d5b74030,0x00000000d5b80000)
  to   space 512K, 0% used [0x00000000d5a80000,0x00000000d5a80000,0x00000000d5b00000)
 ParOldGen       total 147456K, used 147041K [0x0000000080000000, 0x0000000089000000, 0x00000000d5580000)
  object space 147456K, 99% used [0x0000000080000000,0x0000000088f985d0,0x0000000089000000)
 Metaspace       used 89183K, committed 90880K, reserved 1179648K
  class space    used 11145K, committed 11904K, reserved 1048576K
}
Event: 74.462 GC heap after
{Heap after GC invocations=136 (full 3):
 PSYoungGen      total 3072K, used 512K [0x00000000d5580000, 0x00000000d5b80000, 0x0000000100000000)
  eden space 2560K, 0% used [0x00000000d5580000,0x00000000d5580000,0x00000000d5800000)
  from space 512K, 100% used [0x00000000d5a80000,0x00000000d5b00000,0x00000000d5b00000)
  to   space 512K, 0% used [0x00000000d5b00000,0x00000000d5b00000,0x00000000d5b80000)
 ParOldGen       total 147456K, used 147318K [0x0000000080000000, 0x0000000089000000, 0x00000000d5580000)
  object space 147456K, 99% used [0x0000000080000000,0x0000000088fdd970,0x0000000089000000)
 Metaspace       used 89183K, committed 90880K, reserved 1179648K
  class space    used 11145K, committed 11904K, reserved 1048576K
}

