# JRE version: OpenJDK Runtime Environment Temurin-21.0.10+7 (21.0.10+7) (build 21.0.10+7-LTS)
# Java VM: OpenJDK 64-Bit Server VM Temurin-21.0.10+7 (21.0.10+7-LTS, mixed mode, sharing, tiered, compressed oops, compressed class ptrs, parallel gc, windows-amd64)
GC Precious Log:
 CardTable entry size: 512
 CPUs: 12 total, 12 available
 Memory: 16068M
 Large Page Support: Disabled
 NUMA Support: Disabled
 Compressed Oops: Enabled (32-bit)
 Alignments: Space 512K, Generation 512K, Heap 2M
 Heap Min Capacity: 100M
 Heap Initial Capacity: 100M
 Heap Max Capacity: 2G
 Pre-touch: Disabled
 Parallel Workers: 10
Heap:
 PSYoungGen      total 3072K, used 855K [0x00000000d5580000, 0x00000000d5980000, 0x0000000100000000)
  eden space 2560K, 20% used [0x00000000d5580000,0x00000000d5605f58,0x00000000d5800000)
  from space 512K, 62% used [0x00000000d5900000,0x00000000d5950000,0x00000000d5980000)
  to   space 512K, 0% used [0x00000000d5880000,0x00000000d5880000,0x00000000d5900000)
 ParOldGen       total 670208K, used 669825K [0x0000000080000000, 0x00000000a8e80000, 0x00000000d5580000)
  object space 670208K, 99% used [0x0000000080000000,0x00000000a8e20628,0x00000000a8e80000)
 Metaspace       used 100339K, committed 102144K, reserved 1179648K
  class space    used 11176K, committed 12160K, reserved 1048576K
GC Heap History (20 events):
Event: 15164.536 GC heap before
{Heap before GC invocations=848 (full 5):
 PSYoungGen      total 3072K, used 2944K [0x00000000d5580000, 0x00000000d5980000, 0x0000000100000000)
  eden space 2560K, 100% used [0x00000000d5580000,0x00000000d5800000,0x00000000d5800000)
  from space 512K, 75% used [0x00000000d5900000,0x00000000d5960000,0x00000000d5980000)
  to   space 512K, 0% used [0x00000000d5880000,0x00000000d5880000,0x00000000d5900000)
 ParOldGen       total 667136K, used 667111K [0x0000000080000000, 0x00000000a8b80000, 0x00000000d5580000)
  object space 667136K, 99% used [0x0000000080000000,0x00000000a8b79c28,0x00000000a8b80000)
 Metaspace       used 100140K, committed 102016K, reserved 1179648K
  class space    used 11153K, committed 12160K, reserved 1048576K
}
Event: 15164.542 GC heap after
{Heap after GC invocations=848 (full 5):
 PSYoungGen      total 3072K, used 512K [0x00000000d5580000, 0x00000000d5a00000, 0x0000000100000000)
  eden space 2560K, 0% used [0x00000000d5580000,0x00000000d5580000,0x00000000d5800000)
  from space 512K, 100% used [0x00000000d5880000,0x00000000d5900000,0x00000000d5900000)
  to   space 1024K, 0% used [0x00000000d5900000,0x00000000d5900000,0x00000000d5a00000)
 ParOldGen       total 667648K, used 667520K [0x0000000080000000, 0x00000000a8c00000, 0x00000000d5580000)
  object space 667648K, 99% used [0x0000000080000000,0x00000000a8be03a8,0x00000000a8c00000)
 Metaspace       used 100140K, committed 102016K, reserved 1179648K
  class space    used 11153K, committed 12160K, reserved 1048576K
}
Event: 15164.562 GC heap before
{Heap before GC invocations=849 (full 5):
 PSYoungGen      total 3072K, used 3071K [0x00000000d5580000, 0x00000000d5a00000, 0x0000000100000000)
  eden space 2560K, 99% used [0x00000000d5580000,0x00000000d57fffd0,0x00000000d5800000)
  from space 512K, 100% used [0x00000000d5880000,0x00000000d5900000,0x00000000d5900000)
  to   space 1024K, 0% used [0x00000000d5900000,0x00000000d5900000,0x00000000d5a00000)
 ParOldGen       total 667648K, used 667520K [0x0000000080000000, 0x00000000a8c00000, 0x00000000d5580000)
  object space 667648K, 99% used [0x0000000080000000,0x00000000a8be03a8,0x00000000a8c00000)
 Metaspace       used 100144K, committed 102016K, reserved 1179648K
  class space    used 11154K, committed 12160K, reserved 1048576K
}
Event: 15164.567 GC heap after
{Heap after GC invocations=849 (full 5):
 PSYoungGen      total 3584K, used 692K [0x00000000d5580000, 0x00000000d5a00000, 0x0000000100000000)
  eden space 2560K, 0% used [0x00000000d5580000,0x00000000d5580000,0x00000000d5800000)
  from space 1024K, 67% used [0x00000000d5900000,0x00000000d59ad200,0x00000000d5a00000)
  to   space 1024K, 0% used [0x00000000d5800000,0x00000000d5800000,0x00000000d5900000)
 ParOldGen       total 668160K, used 668014K [0x0000000080000000, 0x00000000a8c80000, 0x00000000d5580000)
  object space 668160K, 99% used [0x0000000080000000,0x00000000a8c5b898,0x00000000a8c80000)
 Metaspace       used 100144K, committed 102016K, reserved 1179648K
  class space    used 11154K, committed 12160K, reserved 1048576K
}
Event: 15164.582 GC heap before
{Heap before GC invocations=850 (full 5):
 PSYoungGen      total 3584K, used 3252K [0x00000000d5580000, 0x00000000d5a00000, 0x0000000100000000)
  eden space 2560K, 100% used [0x00000000d5580000,0x00000000d5800000,0x00000000d5800000)
  from space 1024K, 67% used [0x00000000d5900000,0x00000000d59ad200,0x00000000d5a00000)
  to   space 1024K, 0% used [0x00000000d5800000,0x00000000d5800000,0x00000000d5900000)
 ParOldGen       total 668160K, used 668014K [0x0000000080000000, 0x00000000a8c80000, 0x00000000d5580000)
  object space 668160K, 99% used [0x0000000080000000,0x00000000a8c5b898,0x00000000a8c80000)
 Metaspace       used 100144K, committed 102016K, reserved 1179648K
  class space    used 11154K, committed 12160K, reserved 1048576K
}
Event: 15164.587 GC heap after
{Heap after GC invocations=850 (full 5):
 PSYoungGen      total 3584K, used 352K [0x00000000d5580000, 0x00000000d5980000, 0x0000000100000000)
  eden space 2560K, 0% used [0x00000000d5580000,0x00000000d5580000,0x00000000d5800000)
  from space 1024K, 34% used [0x00000000d5800000,0x00000000d5858000,0x00000000d5900000)
  to   space 512K, 0% used [0x00000000d5900000,0x00000000d5900000,0x00000000d5980000)
 ParOldGen       total 668672K, used 668571K [0x0000000080000000, 0x00000000a8d00000, 0x00000000d5580000)
  object space 668672K, 99% used [0x0000000080000000,0x00000000a8ce6ea0,0x00000000a8d00000)
 Metaspace       used 100144K, committed 102016K, reserved 1179648K
  class space    used 11154K, committed 12160K, reserved 1048576K
}
Event: 15164.646 GC heap before
{Heap before GC invocations=851 (full 5):
 PSYoungGen      total 3584K, used 2912K [0x00000000d5580000, 0x00000000d5980000, 0x0000000100000000)
  eden space 2560K, 100% used [0x00000000d5580000,0x00000000d5800000,0x00000000d5800000)
  from space 1024K, 34% used [0x00000000d5800000,0x00000000d5858000,0x00000000d5900000)
  to   space 512K, 0% used [0x00000000d5900000,0x00000000d5900000,0x00000000d5980000)
 ParOldGen       total 668672K, used 668571K [0x0000000080000000, 0x00000000a8d00000, 0x00000000d5580000)
  object space 668672K, 99% used [0x0000000080000000,0x00000000a8ce6ea0,0x00000000a8d00000)
 Metaspace       used 100155K, committed 102016K, reserved 1179648K
  class space    used 11154K, committed 12160K, reserved 1048576K
}
Event: 15164.650 GC heap after
{Heap after GC invocations=851 (full 5):
 PSYoungGen      total 3072K, used 512K [0x00000000d5580000, 0x00000000d5a00000, 0x0000000100000000)
  eden space 2560K, 0% used [0x00000000d5580000,0x00000000d5580000,0x00000000d5800000)
  from space 512K, 100% used [0x00000000d5900000,0x00000000d5980000,0x00000000d5980000)
  to   space 1024K, 0% used [0x00000000d5800000,0x00000000d5800000,0x00000000d5900000)
 ParOldGen       total 669184K, used 668862K [0x0000000080000000, 0x00000000a8d80000, 0x00000000d5580000)
  object space 669184K, 99% used [0x0000000080000000,0x00000000a8d2faa8,0x00000000a8d80000)
 Metaspace       used 100155K, committed 102016K, reserved 1179648K
  class space    used 11154K, committed 12160K, reserved 1048576K
}
Event: 15164.851 GC heap before
{Heap before GC invocations=852 (full 5):
 PSYoungGen      total 3072K, used 2320K [0x00000000d5580000, 0x00000000d5a00000, 0x0000000100000000)
  eden space 2560K, 70% used [0x00000000d5580000,0x00000000d57440b8,0x00000000d5800000)
  from space 512K, 100% used [0x00000000d5900000,0x00000000d5980000,0x00000000d5980000)
  to   space 1024K, 0% used [0x00000000d5800000,0x00000000d5800000,0x00000000d5900000)
 ParOldGen       total 669184K, used 668862K [0x0000000080000000, 0x00000000a8d80000, 0x00000000d5580000)
  object space 669184K, 99% used [0x0000000080000000,0x00000000a8d2faa8,0x00000000a8d80000)
 Metaspace       used 100231K, committed 102080K, reserved 1179648K
  class space    used 11164K, committed 12160K, reserved 1048576K
}
Event: 15164.855 GC heap after
{Heap after GC invocations=852 (full 5):
 PSYoungGen      total 3584K, used 308K [0x00000000d5580000, 0x00000000d5980000, 0x0000000100000000)
  eden space 2560K, 0% used [0x00000000d5580000,0x00000000d5580000,0x00000000d5800000)
  from space 1024K, 30% used [0x00000000d5800000,0x00000000d584d200,0x00000000d5900000)
  to   space 512K, 0% used [0x00000000d5900000,0x00000000d5900000,0x00000000d5980000)
 ParOldGen       total 669696K, used 669330K [0x0000000080000000, 0x00000000a8e00000, 0x00000000d5580000)
  object space 669696K, 99% used [0x0000000080000000,0x00000000a8da4aa8,0x00000000a8e00000)
 Metaspace       used 100231K, committed 102080K, reserved 1179648K
  class space    used 11164K, committed 12160K, reserved 1048576K
}
Event: 15164.890 GC heap before
{Heap before GC invocations=853 (full 5):
 PSYoungGen      total 3584K, used 2792K [0x00000000d5580000, 0x00000000d5980000, 0x0000000100000000)
  eden space 2560K, 97% used [0x00000000d5580000,0x00000000d57ece58,0x00000000d5800000)
  from space 1024K, 30% used [0x00000000d5800000,0x00000000d584d200,0x00000000d5900000)
  to   space 512K, 0% used [0x00000000d5900000,0x00000000d5900000,0x00000000d5980000)
 ParOldGen       total 669696K, used 669330K [0x0000000080000000, 0x00000000a8e00000, 0x00000000d5580000)
  object space 669696K, 99% used [0x0000000080000000,0x00000000a8da4aa8,0x00000000a8e00000)
 Metaspace       used 100231K, committed 102080K, reserved 1179648K
  class space    used 11164K, committed 12160K, reserved 1048576K
}
Event: 15164.893 GC heap after
{Heap after GC invocations=853 (full 5):
 PSYoungGen      total 3072K, used 256K [0x00000000d5580000, 0x00000000d5980000, 0x0000000100000000)
  eden space 2560K, 0% used [0x00000000d5580000,0x00000000d5580000,0x00000000d5800000)
  from space 512K, 50% used [0x00000000d5900000,0x00000000d5940000,0x00000000d5980000)
  to   space 512K, 0% used [0x00000000d5880000,0x00000000d5880000,0x00000000d5900000)
 ParOldGen       total 669696K, used 669517K [0x0000000080000000, 0x00000000a8e00000, 0x00000000d5580000)
  object space 669696K, 99% used [0x0000000080000000,0x00000000a8dd3428,0x00000000a8e00000)
 Metaspace       used 100231K, committed 102080K, reserved 1179648K
  class space    used 11164K, committed 12160K, reserved 1048576K
}
Event: 15164.918 GC heap before
{Heap before GC invocations=854 (full 5):
 PSYoungGen      total 3072K, used 2344K [0x00000000d5580000, 0x00000000d5980000, 0x0000000100000000)
  eden space 2560K, 81% used [0x00000000d5580000,0x00000000d578a350,0x00000000d5800000)
  from space 512K, 50% used [0x00000000d5900000,0x00000000d5940000,0x00000000d5980000)
  to   space 512K, 0% used [0x00000000d5880000,0x00000000d5880000,0x00000000d5900000)
 ParOldGen       total 669696K, used 669517K [0x0000000080000000, 0x00000000a8e00000, 0x00000000d5580000)
  object space 669696K, 99% used [0x0000000080000000,0x00000000a8dd3428,0x00000000a8e00000)
 Metaspace       used 100231K, committed 102080K, reserved 1179648K
  class space    used 11164K, committed 12160K, reserved 1048576K
}
Event: 15164.920 GC heap after
{Heap after GC invocations=854 (full 5):
 PSYoungGen      total 3072K, used 282K [0x00000000d5580000, 0x00000000d5980000, 0x0000000100000000)
  eden space 2560K, 0% used [0x00000000d5580000,0x00000000d5580000,0x00000000d5800000)
  from space 512K, 55% used [0x00000000d5880000,0x00000000d58c6900,0x00000000d5900000)
  to   space 512K, 0% used [0x00000000d5900000,0x00000000d5900000,0x00000000d5980000)
 ParOldGen       total 669696K, used 669573K [0x0000000080000000, 0x00000000a8e00000, 0x00000000d5580000)
  object space 669696K, 99% used [0x0000000080000000,0x00000000a8de1428,0x00000000a8e00000)
 Metaspace       used 100231K, committed 102080K, reserved 1179648K
  class space    used 11164K, committed 12160K, reserved 1048576K
}
Event: 15164.938 GC heap before
{Heap before GC invocations=855 (full 5):
 PSYoungGen      total 3072K, used 2842K [0x00000000d5580000, 0x00000000d5980000, 0x0000000100000000)
  eden space 2560K, 100% used [0x00000000d5580000,0x00000000d5800000,0x00000000d5800000)
  from space 512K, 55% used [0x00000000d5880000,0x00000000d58c6900,0x00000000d5900000)
  to   space 512K, 0% used [0x00000000d5900000,0x00000000d5900000,0x00000000d5980000)
 ParOldGen       total 669696K, used 669573K [0x0000000080000000, 0x00000000a8e00000, 0x00000000d5580000)
  object space 669696K, 99% used [0x0000000080000000,0x00000000a8de1428,0x00000000a8e00000)
 Metaspace       used 100231K, committed 102080K, reserved 1179648K
  class space    used 11164K, committed 12160K, reserved 1048576K
}
Event: 15164.940 GC heap after
{Heap after GC invocations=855 (full 5):
 PSYoungGen      total 3072K, used 224K [0x00000000d5580000, 0x00000000d5980000, 0x0000000100000000)
  eden space 2560K, 0% used [0x00000000d5580000,0x00000000d5580000,0x00000000d5800000)
  from space 512K, 43% used [0x00000000d5900000,0x00000000d5938000,0x00000000d5980000)
  to   space 512K, 0% used [0x00000000d5880000,0x00000000d5880000,0x00000000d5900000)
 ParOldGen       total 669696K, used 669681K [0x0000000080000000, 0x00000000a8e00000, 0x00000000d5580000)
  object space 669696K, 99% used [0x0000000080000000,0x00000000a8dfc628,0x00000000a8e00000)
 Metaspace       used 100231K, committed 102080K, reserved 1179648K
  class space    used 11164K, committed 12160K, reserved 1048576K
}
Event: 15165.052 GC heap before
{Heap before GC invocations=856 (full 5):
 PSYoungGen      total 3072K, used 2784K [0x00000000d5580000, 0x00000000d5980000, 0x0000000100000000)
  eden space 2560K, 100% used [0x00000000d5580000,0x00000000d5800000,0x00000000d5800000)
  from space 512K, 43% used [0x00000000d5900000,0x00000000d5938000,0x00000000d5980000)
  to   space 512K, 0% used [0x00000000d5880000,0x00000000d5880000,0x00000000d5900000)
 ParOldGen       total 669696K, used 669681K [0x0000000080000000, 0x00000000a8e00000, 0x00000000d5580000)
  object space 669696K, 99% used [0x0000000080000000,0x00000000a8dfc628,0x00000000a8e00000)
 Metaspace       used 100322K, committed 102144K, reserved 1179648K
  class space    used 11174K, committed 12160K, reserved 1048576K
}
Event: 15165.054 GC heap after
{Heap after GC invocations=856 (full 5):
 PSYoungGen      total 3072K, used 288K [0x00000000d5580000, 0x00000000d5980000, 0x0000000100000000)
  eden space 2560K, 0% used [0x00000000d5580000,0x00000000d5580000,0x00000000d5800000)
  from space 512K, 56% used [0x00000000d5880000,0x00000000d58c8000,0x00000000d5900000)
  to   space 512K, 0% used [0x00000000d5900000,0x00000000d5900000,0x00000000d5980000)
 ParOldGen       total 670208K, used 669745K [0x0000000080000000, 0x00000000a8e80000, 0x00000000d5580000)
  object space 670208K, 99% used [0x0000000080000000,0x00000000a8e0c628,0x00000000a8e80000)
 Metaspace       used 100322K, committed 102144K, reserved 1179648K
  class space    used 11174K, committed 12160K, reserved 1048576K
}
Event: 15317.459 GC heap before
{Heap before GC invocations=857 (full 5):
 PSYoungGen      total 3072K, used 2848K [0x00000000d5580000, 0x00000000d5980000, 0x0000000100000000)
  eden space 2560K, 100% used [0x00000000d5580000,0x00000000d5800000,0x00000000d5800000)
  from space 512K, 56% used [0x00000000d5880000,0x00000000d58c8000,0x00000000d5900000)
  to   space 512K, 0% used [0x00000000d5900000,0x00000000d5900000,0x00000000d5980000)
 ParOldGen       total 670208K, used 669745K [0x0000000080000000, 0x00000000a8e80000, 0x00000000d5580000)
  object space 670208K, 99% used [0x0000000080000000,0x00000000a8e0c628,0x00000000a8e80000)
 Metaspace       used 100339K, committed 102144K, reserved 1179648K
  class space    used 11176K, committed 12160K, reserved 1048576K
}
Event: 15317.463 GC heap after
{Heap after GC invocations=857 (full 5):
 PSYoungGen      total 3072K, used 320K [0x00000000d5580000, 0x00000000d5980000, 0x0000000100000000)
  eden space 2560K, 0% used [0x00000000d5580000,0x00000000d5580000,0x00000000d5800000)
  from space 512K, 62% used [0x00000000d5900000,0x00000000d5950000,0x00000000d5980000)
  to   space 512K, 0% used [0x00000000d5880000,0x00000000d5880000,0x00000000d5900000)
 ParOldGen       total 670208K, used 669825K [0x0000000080000000, 0x00000000a8e80000, 0x00000000d5580000)
  object space 670208K, 99% used [0x0000000080000000,0x00000000a8e20628,0x00000000a8e80000)
 Metaspace       used 100339K, committed 102144K, reserved 1179648K
  class space    used 11176K, committed 12160K, reserved 1048576K
}

