# JRE version: OpenJDK Runtime Environment Temurin-21.0.10+7 (21.0.10+7) (build 21.0.10+7-LTS)
# Java VM: OpenJDK 64-Bit Server VM Temurin-21.0.10+7 (21.0.10+7-LTS, mixed mode, sharing, tiered, compressed oops, compressed class ptrs, parallel gc, windows-amd64)
GC Precious Log:
 CardTable entry size: 512
 CPUs: 12 total, 12 available
 Memory: 16068M
 Large Page Support: Disabled
 NUMA Support: Disabled
 Compressed Oops: Enabled (32-bit)
 Alignments: Space 512K, Generation 512K, Heap 2M
 Heap Min Capacity: 100M
 Heap Initial Capacity: 100M
 Heap Max Capacity: 2G
 Pre-touch: Disabled
 Parallel Workers: 10
Heap:
 PSYoungGen      total 3584K, used 1381K [0x00000000d5580000, 0x00000000d5b00000, 0x0000000100000000)
  eden space 2560K, 20% used [0x00000000d5580000,0x00000000d56014f0,0x00000000d5800000)
  from space 1024K, 84% used [0x00000000d5800000,0x00000000d58d8020,0x00000000d5900000)
  to   space 1536K, 0% used [0x00000000d5980000,0x00000000d5980000,0x00000000d5b00000)
 ParOldGen       total 234496K, used 135162K [0x0000000080000000, 0x000000008e500000, 0x00000000d5580000)
  object space 234496K, 57% used [0x0000000080000000,0x00000000883fe9a0,0x000000008e500000)
 Metaspace       used 96584K, committed 98496K, reserved 1179648K
  class space    used 11631K, committed 12480K, reserved 1048576K
GC Heap History (20 events):
Event: 136.031 GC heap before
{Heap before GC invocations=519 (full 4):
 PSYoungGen      total 3584K, used 3474K [0x00000000d5580000, 0x00000000d5c80000, 0x0000000100000000)
  eden space 2048K, 100% used [0x00000000d5580000,0x00000000d5780000,0x00000000d5780000)
  from space 1536K, 92% used [0x00000000d5b00000,0x00000000d5c648c8,0x00000000d5c80000)
  to   space 1536K, 0% used [0x00000000d5980000,0x00000000d5980000,0x00000000d5b00000)
 ParOldGen       total 234496K, used 126152K [0x0000000080000000, 0x000000008e500000, 0x00000000d5580000)
  object space 234496K, 53% used [0x0000000080000000,0x0000000087b32208,0x000000008e500000)
 Metaspace       used 95931K, committed 97856K, reserved 1179648K
  class space    used 11575K, committed 12416K, reserved 1048576K
}
Event: 136.036 GC heap after
{Heap after GC invocations=519 (full 4):
 PSYoungGen      total 4096K, used 1536K [0x00000000d5580000, 0x00000000d6000000, 0x0000000100000000)
  eden space 2560K, 0% used [0x00000000d5580000,0x00000000d5580000,0x00000000d5800000)
  from space 1536K, 100% used [0x00000000d5980000,0x00000000d5b00000,0x00000000d5b00000)
  to   space 4096K, 0% used [0x00000000d5c00000,0x00000000d5c00000,0x00000000d6000000)
 ParOldGen       total 234496K, used 127926K [0x0000000080000000, 0x000000008e500000, 0x00000000d5580000)
  object space 234496K, 54% used [0x0000000080000000,0x0000000087ced880,0x000000008e500000)
 Metaspace       used 95931K, committed 97856K, reserved 1179648K
  class space    used 11575K, committed 12416K, reserved 1048576K
}
Event: 136.054 GC heap before
{Heap before GC invocations=520 (full 4):
 PSYoungGen      total 4096K, used 4096K [0x00000000d5580000, 0x00000000d6000000, 0x0000000100000000)
  eden space 2560K, 100% used [0x00000000d5580000,0x00000000d5800000,0x00000000d5800000)
  from space 1536K, 100% used [0x00000000d5980000,0x00000000d5b00000,0x00000000d5b00000)
  to   space 4096K, 0% used [0x00000000d5c00000,0x00000000d5c00000,0x00000000d6000000)
 ParOldGen       total 234496K, used 127926K [0x0000000080000000, 0x000000008e500000, 0x00000000d5580000)
  object space 234496K, 54% used [0x0000000080000000,0x0000000087ced880,0x000000008e500000)
 Metaspace       used 95946K, committed 97856K, reserved 1179648K
  class space    used 11575K, committed 12416K, reserved 1048576K
}
Event: 136.059 GC heap after
{Heap after GC invocations=520 (full 4):
 PSYoungGen      total 5632K, used 2386K [0x00000000d5580000, 0x00000000d5e80000, 0x0000000100000000)
  eden space 3072K, 0% used [0x00000000d5580000,0x00000000d5580000,0x00000000d5880000)
  from space 2560K, 93% used [0x00000000d5c00000,0x00000000d5e549e0,0x00000000d5e80000)
  to   space 3072K, 0% used [0x00000000d5880000,0x00000000d5880000,0x00000000d5b80000)
 ParOldGen       total 234496K, used 129510K [0x0000000080000000, 0x000000008e500000, 0x00000000d5580000)
  object space 234496K, 55% used [0x0000000080000000,0x0000000087e79880,0x000000008e500000)
 Metaspace       used 95946K, committed 97856K, reserved 1179648K
  class space    used 11575K, committed 12416K, reserved 1048576K
}
Event: 309.746 GC heap before
{Heap before GC invocations=521 (full 4):
 PSYoungGen      total 5632K, used 5458K [0x00000000d5580000, 0x00000000d5e80000, 0x0000000100000000)
  eden space 3072K, 100% used [0x00000000d5580000,0x00000000d5880000,0x00000000d5880000)
  from space 2560K, 93% used [0x00000000d5c00000,0x00000000d5e549e0,0x00000000d5e80000)
  to   space 3072K, 0% used [0x00000000d5880000,0x00000000d5880000,0x00000000d5b80000)
 ParOldGen       total 234496K, used 129510K [0x0000000080000000, 0x000000008e500000, 0x00000000d5580000)
  object space 234496K, 55% used [0x0000000080000000,0x0000000087e79880,0x000000008e500000)
 Metaspace       used 96049K, committed 97920K, reserved 1179648K
  class space    used 11589K, committed 12416K, reserved 1048576K
}
Event: 309.747 GC heap after
{Heap after GC invocations=521 (full 4):
 PSYoungGen      total 3584K, used 256K [0x00000000d5580000, 0x00000000d5c80000, 0x0000000100000000)
  eden space 3072K, 0% used [0x00000000d5580000,0x00000000d5580000,0x00000000d5880000)
  from space 512K, 50% used [0x00000000d5880000,0x00000000d58c0000,0x00000000d5900000)
  to   space 1536K, 0% used [0x00000000d5b00000,0x00000000d5b00000,0x00000000d5c80000)
 ParOldGen       total 234496K, used 130078K [0x0000000080000000, 0x000000008e500000, 0x00000000d5580000)
  object space 234496K, 55% used [0x0000000080000000,0x0000000087f07880,0x000000008e500000)
 Metaspace       used 96049K, committed 97920K, reserved 1179648K
  class space    used 11589K, committed 12416K, reserved 1048576K
}
Event: 326.447 GC heap before
{Heap before GC invocations=522 (full 4):
 PSYoungGen      total 3584K, used 3327K [0x00000000d5580000, 0x00000000d5c80000, 0x0000000100000000)
  eden space 3072K, 99% used [0x00000000d5580000,0x00000000d587fff8,0x00000000d5880000)
  from space 512K, 50% used [0x00000000d5880000,0x00000000d58c0000,0x00000000d5900000)
  to   space 1536K, 0% used [0x00000000d5b00000,0x00000000d5b00000,0x00000000d5c80000)
 ParOldGen       total 234496K, used 130078K [0x0000000080000000, 0x000000008e500000, 0x00000000d5580000)
  object space 234496K, 55% used [0x0000000080000000,0x0000000087f07880,0x000000008e500000)
 Metaspace       used 96152K, committed 97984K, reserved 1179648K
  class space    used 11599K, committed 12416K, reserved 1048576K
}
Event: 326.448 GC heap after
{Heap after GC invocations=522 (full 4):
 PSYoungGen      total 3584K, used 256K [0x00000000d5580000, 0x00000000d5b80000, 0x0000000100000000)
  eden space 3072K, 0% used [0x00000000d5580000,0x00000000d5580000,0x00000000d5880000)
  from space 512K, 50% used [0x00000000d5b00000,0x00000000d5b40000,0x00000000d5b80000)
  to   space 512K, 0% used [0x00000000d5880000,0x00000000d5880000,0x00000000d5900000)
 ParOldGen       total 234496K, used 130134K [0x0000000080000000, 0x000000008e500000, 0x00000000d5580000)
  object space 234496K, 55% used [0x0000000080000000,0x0000000087f15880,0x000000008e500000)
 Metaspace       used 96152K, committed 97984K, reserved 1179648K
  class space    used 11599K, committed 12416K, reserved 1048576K
}
Event: 328.557 GC heap before
{Heap before GC invocations=523 (full 4):
 PSYoungGen      total 3584K, used 3328K [0x00000000d5580000, 0x00000000d5b80000, 0x0000000100000000)
  eden space 3072K, 100% used [0x00000000d5580000,0x00000000d5880000,0x00000000d5880000)
  from space 512K, 50% used [0x00000000d5b00000,0x00000000d5b40000,0x00000000d5b80000)
  to   space 512K, 0% used [0x00000000d5880000,0x00000000d5880000,0x00000000d5900000)
 ParOldGen       total 234496K, used 130134K [0x0000000080000000, 0x000000008e500000, 0x00000000d5580000)
  object space 234496K, 55% used [0x0000000080000000,0x0000000087f15880,0x000000008e500000)
 Metaspace       used 96282K, committed 98112K, reserved 1179648K
  class space    used 11610K, committed 12416K, reserved 1048576K
}
Event: 328.558 GC heap after
{Heap after GC invocations=523 (full 4):
 PSYoungGen      total 3584K, used 496K [0x00000000d5580000, 0x00000000d5b80000, 0x0000000100000000)
  eden space 3072K, 0% used [0x00000000d5580000,0x00000000d5580000,0x00000000d5880000)
  from space 512K, 96% used [0x00000000d5880000,0x00000000d58fc010,0x00000000d5900000)
  to   space 1024K, 0% used [0x00000000d5a80000,0x00000000d5a80000,0x00000000d5b80000)
 ParOldGen       total 234496K, used 130230K [0x0000000080000000, 0x000000008e500000, 0x00000000d5580000)
  object space 234496K, 55% used [0x0000000080000000,0x0000000087f2d880,0x000000008e500000)
 Metaspace       used 96282K, committed 98112K, reserved 1179648K
  class space    used 11610K, committed 12416K, reserved 1048576K
}
Event: 332.067 GC heap before
{Heap before GC invocations=524 (full 4):
 PSYoungGen      total 3584K, used 3568K [0x00000000d5580000, 0x00000000d5b80000, 0x0000000100000000)
  eden space 3072K, 100% used [0x00000000d5580000,0x00000000d5880000,0x00000000d5880000)
  from space 512K, 96% used [0x00000000d5880000,0x00000000d58fc010,0x00000000d5900000)
  to   space 1024K, 0% used [0x00000000d5a80000,0x00000000d5a80000,0x00000000d5b80000)
 ParOldGen       total 234496K, used 130230K [0x0000000080000000, 0x000000008e500000, 0x00000000d5580000)
  object space 234496K, 55% used [0x0000000080000000,0x0000000087f2d880,0x000000008e500000)
 Metaspace       used 96304K, committed 98240K, reserved 1179648K
  class space    used 11611K, committed 12416K, reserved 1048576K
}
Event: 332.069 GC heap after
{Heap after GC invocations=524 (full 4):
 PSYoungGen      total 3584K, used 320K [0x00000000d5580000, 0x00000000d5b00000, 0x0000000100000000)
  eden space 3072K, 0% used [0x00000000d5580000,0x00000000d5580000,0x00000000d5880000)
  from space 512K, 62% used [0x00000000d5a80000,0x00000000d5ad0000,0x00000000d5b00000)
  to   space 512K, 0% used [0x00000000d5880000,0x00000000d5880000,0x00000000d5900000)
 ParOldGen       total 234496K, used 130676K [0x0000000080000000, 0x000000008e500000, 0x00000000d5580000)
  object space 234496K, 55% used [0x0000000080000000,0x0000000087f9d2d0,0x000000008e500000)
 Metaspace       used 96304K, committed 98240K, reserved 1179648K
  class space    used 11611K, committed 12416K, reserved 1048576K
}
Event: 333.924 GC heap before
{Heap before GC invocations=525 (full 4):
 PSYoungGen      total 3584K, used 3392K [0x00000000d5580000, 0x00000000d5b00000, 0x0000000100000000)
  eden space 3072K, 100% used [0x00000000d5580000,0x00000000d5880000,0x00000000d5880000)
  from space 512K, 62% used [0x00000000d5a80000,0x00000000d5ad0000,0x00000000d5b00000)
  to   space 512K, 0% used [0x00000000d5880000,0x00000000d5880000,0x00000000d5900000)
 ParOldGen       total 234496K, used 130676K [0x0000000080000000, 0x000000008e500000, 0x00000000d5580000)
  object space 234496K, 55% used [0x0000000080000000,0x0000000087f9d2d0,0x000000008e500000)
 Metaspace       used 96329K, committed 98240K, reserved 1179648K
  class space    used 11611K, committed 12416K, reserved 1048576K
}
Event: 333.925 GC heap after
{Heap after GC invocations=525 (full 4):
 PSYoungGen      total 3584K, used 496K [0x00000000d5580000, 0x00000000d5b80000, 0x0000000100000000)
  eden space 3072K, 0% used [0x00000000d5580000,0x00000000d5580000,0x00000000d5880000)
  from space 512K, 96% used [0x00000000d5880000,0x00000000d58fc020,0x00000000d5900000)
  to   space 1536K, 0% used [0x00000000d5a00000,0x00000000d5a00000,0x00000000d5b80000)
 ParOldGen       total 234496K, used 131140K [0x0000000080000000, 0x000000008e500000, 0x00000000d5580000)
  object space 234496K, 55% used [0x0000000080000000,0x0000000088011300,0x000000008e500000)
 Metaspace       used 96329K, committed 98240K, reserved 1179648K
  class space    used 11611K, committed 12416K, reserved 1048576K
}
Event: 338.767 GC heap before
{Heap before GC invocations=526 (full 4):
 PSYoungGen      total 3584K, used 3568K [0x00000000d5580000, 0x00000000d5b80000, 0x0000000100000000)
  eden space 3072K, 100% used [0x00000000d5580000,0x00000000d5880000,0x00000000d5880000)
  from space 512K, 96% used [0x00000000d5880000,0x00000000d58fc020,0x00000000d5900000)
  to   space 1536K, 0% used [0x00000000d5a00000,0x00000000d5a00000,0x00000000d5b80000)
 ParOldGen       total 234496K, used 131140K [0x0000000080000000, 0x000000008e500000, 0x00000000d5580000)
  object space 234496K, 55% used [0x0000000080000000,0x0000000088011300,0x000000008e500000)
 Metaspace       used 96430K, committed 98368K, reserved 1179648K
  class space    used 11618K, committed 12416K, reserved 1048576K
}
Event: 338.769 GC heap after
{Heap after GC invocations=526 (full 4):
 PSYoungGen      total 4096K, used 816K [0x00000000d5580000, 0x00000000d5b00000, 0x0000000100000000)
  eden space 3072K, 0% used [0x00000000d5580000,0x00000000d5580000,0x00000000d5880000)
  from space 1024K, 79% used [0x00000000d5a00000,0x00000000d5acc010,0x00000000d5b00000)
  to   space 1024K, 0% used [0x00000000d5900000,0x00000000d5900000,0x00000000d5a00000)
 ParOldGen       total 234496K, used 131620K [0x0000000080000000, 0x000000008e500000, 0x00000000d5580000)
  object space 234496K, 56% used [0x0000000080000000,0x0000000088089380,0x000000008e500000)
 Metaspace       used 96430K, committed 98368K, reserved 1179648K
  class space    used 11618K, committed 12416K, reserved 1048576K
}
Event: 347.895 GC heap before
{Heap before GC invocations=527 (full 4):
 PSYoungGen      total 4096K, used 3888K [0x00000000d5580000, 0x00000000d5b00000, 0x0000000100000000)
  eden space 3072K, 100% used [0x00000000d5580000,0x00000000d5880000,0x00000000d5880000)
  from space 1024K, 79% used [0x00000000d5a00000,0x00000000d5acc010,0x00000000d5b00000)
  to   space 1024K, 0% used [0x00000000d5900000,0x00000000d5900000,0x00000000d5a00000)
 ParOldGen       total 234496K, used 131620K [0x0000000080000000, 0x000000008e500000, 0x00000000d5580000)
  object space 234496K, 56% used [0x0000000080000000,0x0000000088089380,0x000000008e500000)
 Metaspace       used 96434K, committed 98368K, reserved 1179648K
  class space    used 11618K, committed 12416K, reserved 1048576K
}
Event: 347.896 GC heap after
{Heap after GC invocations=527 (full 4):
 PSYoungGen      total 4096K, used 192K [0x00000000d5580000, 0x00000000d5a80000, 0x0000000100000000)
  eden space 3072K, 0% used [0x00000000d5580000,0x00000000d5580000,0x00000000d5880000)
  from space 1024K, 18% used [0x00000000d5900000,0x00000000d5930000,0x00000000d5a00000)
  to   space 512K, 0% used [0x00000000d5a00000,0x00000000d5a00000,0x00000000d5a80000)
 ParOldGen       total 234496K, used 131790K [0x0000000080000000, 0x000000008e500000, 0x00000000d5580000)
  object space 234496K, 56% used [0x0000000080000000,0x00000000880b38d0,0x000000008e500000)
 Metaspace       used 96434K, committed 98368K, reserved 1179648K
  class space    used 11618K, committed 12416K, reserved 1048576K
}
Event: 347.988 GC heap before
{Heap before GC invocations=528 (full 4):
 PSYoungGen      total 4096K, used 3242K [0x00000000d5580000, 0x00000000d5a80000, 0x0000000100000000)
  eden space 3072K, 99% used [0x00000000d5580000,0x00000000d587a860,0x00000000d5880000)
  from space 1024K, 18% used [0x00000000d5900000,0x00000000d5930000,0x00000000d5a00000)
  to   space 512K, 0% used [0x00000000d5a00000,0x00000000d5a00000,0x00000000d5a80000)
 ParOldGen       total 234496K, used 131790K [0x0000000080000000, 0x000000008e500000, 0x00000000d5580000)
  object space 234496K, 56% used [0x0000000080000000,0x00000000880b38d0,0x000000008e500000)
 Metaspace       used 96449K, committed 98432K, reserved 1179648K
  class space    used 11619K, committed 12480K, reserved 1048576K
}
Event: 347.989 GC heap after
{Heap after GC invocations=528 (full 4):
 PSYoungGen      total 3072K, used 480K [0x00000000d5580000, 0x00000000d5c80000, 0x0000000100000000)
  eden space 2560K, 0% used [0x00000000d5580000,0x00000000d5580000,0x00000000d5800000)
  from space 512K, 93% used [0x00000000d5a00000,0x00000000d5a78020,0x00000000d5a80000)
  to   space 2048K, 0% used [0x00000000d5800000,0x00000000d5800000,0x00000000d5a00000)
 ParOldGen       total 234496K, used 132930K [0x0000000080000000, 0x000000008e500000, 0x00000000d5580000)
  object space 234496K, 56% used [0x0000000080000000,0x00000000881d0908,0x000000008e500000)
 Metaspace       used 96449K, committed 98432K, reserved 1179648K
  class space    used 11619K, committed 12480K, reserved 1048576K
}

