# JRE version: OpenJDK Runtime Environment Temurin-21.0.10+7 (21.0.10+7) (build 21.0.10+7-LTS)
# Java VM: OpenJDK 64-Bit Server VM Temurin-21.0.10+7 (21.0.10+7-LTS, mixed mode, sharing, tiered, compressed oops, compressed class ptrs, parallel gc, windows-amd64)
GC Precious Log:
 CardTable entry size: 512
 CPUs: 12 total, 12 available
 Memory: 16068M
 Large Page Support: Disabled
 NUMA Support: Disabled
 Compressed Oops: Enabled (32-bit)
 Alignments: Space 512K, Generation 512K, Heap 2M
 Heap Min Capacity: 100M
 Heap Initial Capacity: 100M
 Heap Max Capacity: 2G
 Pre-touch: Disabled
 Parallel Workers: 10
Heap:
 PSYoungGen      total 14336K, used 6044K [0x00000000d5580000, 0x00000000d6880000, 0x0000000100000000)
  eden space 13824K, 41% used [0x00000000d5580000,0x00000000d5b171b8,0x00000000d6300000)
  from space 512K, 62% used [0x00000000d6800000,0x00000000d6850000,0x00000000d6880000)
  to   space 512K, 0% used [0x00000000d6780000,0x00000000d6780000,0x00000000d6800000)
 ParOldGen       total 82432K, used 82205K [0x0000000080000000, 0x0000000085080000, 0x00000000d5580000)
  object space 82432K, 99% used [0x0000000080000000,0x00000000850474b8,0x0000000085080000)
 Metaspace       used 85993K, committed 87744K, reserved 1179648K
  class space    used 11416K, committed 12224K, reserved 1048576K
GC Heap History (20 events):
Event: 19.125 GC heap before
{Heap before GC invocations=70 (full 3):
 PSYoungGen      total 14848K, used 14560K [0x00000000d5580000, 0x00000000d6a80000, 0x0000000100000000)
  eden space 13824K, 100% used [0x00000000d5580000,0x00000000d6300000,0x00000000d6300000)
  from space 1024K, 71% used [0x00000000d6980000,0x00000000d6a38020,0x00000000d6a80000)
  to   space 2048K, 0% used [0x00000000d6680000,0x00000000d6680000,0x00000000d6880000)
 ParOldGen       total 76800K, used 76789K [0x0000000080000000, 0x0000000084b00000, 0x00000000d5580000)
  object space 76800K, 99% used [0x0000000080000000,0x0000000084afd7a0,0x0000000084b00000)
 Metaspace       used 77941K, committed 79488K, reserved 1179648K
  class space    used 10342K, committed 11072K, reserved 1048576K
}
Event: 19.127 GC heap after
{Heap after GC invocations=70 (full 3):
 PSYoungGen      total 15872K, used 512K [0x00000000d5580000, 0x00000000d6a00000, 0x0000000100000000)
  eden space 13824K, 0% used [0x00000000d5580000,0x00000000d5580000,0x00000000d6300000)
  from space 2048K, 25% used [0x00000000d6680000,0x00000000d6700000,0x00000000d6880000)
  to   space 1024K, 0% used [0x00000000d6900000,0x00000000d6900000,0x00000000d6a00000)
 ParOldGen       total 77824K, used 77429K [0x0000000080000000, 0x0000000084c00000, 0x00000000d5580000)
  object space 77824K, 99% used [0x0000000080000000,0x0000000084b9d7d0,0x0000000084c00000)
 Metaspace       used 77941K, committed 79488K, reserved 1179648K
  class space    used 10342K, committed 11072K, reserved 1048576K
}
Event: 19.276 GC heap before
{Heap before GC invocations=71 (full 3):
 PSYoungGen      total 15872K, used 14336K [0x00000000d5580000, 0x00000000d6a00000, 0x0000000100000000)
  eden space 13824K, 100% used [0x00000000d5580000,0x00000000d6300000,0x00000000d6300000)
  from space 2048K, 25% used [0x00000000d6680000,0x00000000d6700000,0x00000000d6880000)
  to   space 1024K, 0% used [0x00000000d6900000,0x00000000d6900000,0x00000000d6a00000)
 ParOldGen       total 77824K, used 77429K [0x0000000080000000, 0x0000000084c00000, 0x00000000d5580000)
  object space 77824K, 99% used [0x0000000080000000,0x0000000084b9d7d0,0x0000000084c00000)
 Metaspace       used 79493K, committed 81088K, reserved 1179648K
  class space    used 10603K, committed 11328K, reserved 1048576K
}
Event: 19.277 GC heap after
{Heap after GC invocations=71 (full 3):
 PSYoungGen      total 14848K, used 800K [0x00000000d5580000, 0x00000000d6a00000, 0x0000000100000000)
  eden space 13824K, 0% used [0x00000000d5580000,0x00000000d5580000,0x00000000d6300000)
  from space 1024K, 78% used [0x00000000d6900000,0x00000000d69c8000,0x00000000d6a00000)
  to   space 1024K, 0% used [0x00000000d6800000,0x00000000d6800000,0x00000000d6900000)
 ParOldGen       total 77824K, used 77773K [0x0000000080000000, 0x0000000084c00000, 0x00000000d5580000)
  object space 77824K, 99% used [0x0000000080000000,0x0000000084bf37d0,0x0000000084c00000)
 Metaspace       used 79493K, committed 81088K, reserved 1179648K
  class space    used 10603K, committed 11328K, reserved 1048576K
}
Event: 21.190 GC heap before
{Heap before GC invocations=72 (full 3):
 PSYoungGen      total 14848K, used 14624K [0x00000000d5580000, 0x00000000d6a00000, 0x0000000100000000)
  eden space 13824K, 100% used [0x00000000d5580000,0x00000000d6300000,0x00000000d6300000)
  from space 1024K, 78% used [0x00000000d6900000,0x00000000d69c8000,0x00000000d6a00000)
  to   space 1024K, 0% used [0x00000000d6800000,0x00000000d6800000,0x00000000d6900000)
 ParOldGen       total 77824K, used 77773K [0x0000000080000000, 0x0000000084c00000, 0x00000000d5580000)
  object space 77824K, 99% used [0x0000000080000000,0x0000000084bf37d0,0x0000000084c00000)
 Metaspace       used 80297K, committed 82048K, reserved 1179648K
  class space    used 10705K, committed 11520K, reserved 1048576K
}
Event: 21.192 GC heap after
{Heap after GC invocations=72 (full 3):
 PSYoungGen      total 14848K, used 1024K [0x00000000d5580000, 0x00000000d6980000, 0x0000000100000000)
  eden space 13824K, 0% used [0x00000000d5580000,0x00000000d5580000,0x00000000d6300000)
  from space 1024K, 100% used [0x00000000d6800000,0x00000000d6900000,0x00000000d6900000)
  to   space 512K, 0% used [0x00000000d6900000,0x00000000d6900000,0x00000000d6980000)
 ParOldGen       total 78848K, used 78373K [0x0000000080000000, 0x0000000084d00000, 0x00000000d5580000)
  object space 78848K, 99% used [0x0000000080000000,0x0000000084c894f0,0x0000000084d00000)
 Metaspace       used 80297K, committed 82048K, reserved 1179648K
  class space    used 10705K, committed 11520K, reserved 1048576K
}
Event: 22.380 GC heap before
{Heap before GC invocations=73 (full 3):
 PSYoungGen      total 14848K, used 14848K [0x00000000d5580000, 0x00000000d6980000, 0x0000000100000000)
  eden space 13824K, 100% used [0x00000000d5580000,0x00000000d6300000,0x00000000d6300000)
  from space 1024K, 100% used [0x00000000d6800000,0x00000000d6900000,0x00000000d6900000)
  to   space 512K, 0% used [0x00000000d6900000,0x00000000d6900000,0x00000000d6980000)
 ParOldGen       total 78848K, used 78373K [0x0000000080000000, 0x0000000084d00000, 0x00000000d5580000)
  object space 78848K, 99% used [0x0000000080000000,0x0000000084c894f0,0x0000000084d00000)
 Metaspace       used 81257K, committed 82944K, reserved 1179648K
  class space    used 10830K, committed 11648K, reserved 1048576K
}
Event: 22.381 GC heap after
{Heap after GC invocations=73 (full 3):
 PSYoungGen      total 14336K, used 512K [0x00000000d5580000, 0x00000000d6980000, 0x0000000100000000)
  eden space 13824K, 0% used [0x00000000d5580000,0x00000000d5580000,0x00000000d6300000)
  from space 512K, 100% used [0x00000000d6900000,0x00000000d6980000,0x00000000d6980000)
  to   space 2048K, 0% used [0x00000000d6580000,0x00000000d6580000,0x00000000d6780000)
 ParOldGen       total 79360K, used 79357K [0x0000000080000000, 0x0000000084d80000, 0x00000000d5580000)
  object space 79360K, 99% used [0x0000000080000000,0x0000000084d7f4f0,0x0000000084d80000)
 Metaspace       used 81257K, committed 82944K, reserved 1179648K
  class space    used 10830K, committed 11648K, reserved 1048576K
}
Event: 23.941 GC heap before
{Heap before GC invocations=74 (full 3):
 PSYoungGen      total 14336K, used 14335K [0x00000000d5580000, 0x00000000d6980000, 0x0000000100000000)
  eden space 13824K, 99% used [0x00000000d5580000,0x00000000d62fffc8,0x00000000d6300000)
  from space 512K, 100% used [0x00000000d6900000,0x00000000d6980000,0x00000000d6980000)
  to   space 2048K, 0% used [0x00000000d6580000,0x00000000d6580000,0x00000000d6780000)
 ParOldGen       total 79360K, used 79357K [0x0000000080000000, 0x0000000084d80000, 0x00000000d5580000)
  object space 79360K, 99% used [0x0000000080000000,0x0000000084d7f4f0,0x0000000084d80000)
 Metaspace       used 82707K, committed 84480K, reserved 1179648K
  class space    used 11053K, committed 11904K, reserved 1048576K
}
Event: 23.943 GC heap after
{Heap after GC invocations=74 (full 3):
 PSYoungGen      total 15872K, used 576K [0x00000000d5580000, 0x00000000d6980000, 0x0000000100000000)
  eden space 13824K, 0% used [0x00000000d5580000,0x00000000d5580000,0x00000000d6300000)
  from space 2048K, 28% used [0x00000000d6580000,0x00000000d6610000,0x00000000d6780000)
  to   space 1024K, 0% used [0x00000000d6880000,0x00000000d6880000,0x00000000d6980000)
 ParOldGen       total 79872K, used 79861K [0x0000000080000000, 0x0000000084e00000, 0x00000000d5580000)
  object space 79872K, 99% used [0x0000000080000000,0x0000000084dfd4f0,0x0000000084e00000)
 Metaspace       used 82707K, committed 84480K, reserved 1179648K
  class space    used 11053K, committed 11904K, reserved 1048576K
}
Event: 32.347 GC heap before
{Heap before GC invocations=75 (full 3):
 PSYoungGen      total 15872K, used 14399K [0x00000000d5580000, 0x00000000d6980000, 0x0000000100000000)
  eden space 13824K, 99% used [0x00000000d5580000,0x00000000d62ffd40,0x00000000d6300000)
  from space 2048K, 28% used [0x00000000d6580000,0x00000000d6610000,0x00000000d6780000)
  to   space 1024K, 0% used [0x00000000d6880000,0x00000000d6880000,0x00000000d6980000)
 ParOldGen       total 79872K, used 79861K [0x0000000080000000, 0x0000000084e00000, 0x00000000d5580000)
  object space 79872K, 99% used [0x0000000080000000,0x0000000084dfd4f0,0x0000000084e00000)
 Metaspace       used 83348K, committed 85184K, reserved 1179648K
  class space    used 11139K, committed 11968K, reserved 1048576K
}
Event: 32.348 GC heap after
{Heap after GC invocations=75 (full 3):
 PSYoungGen      total 14848K, used 928K [0x00000000d5580000, 0x00000000d6980000, 0x0000000100000000)
  eden space 13824K, 0% used [0x00000000d5580000,0x00000000d5580000,0x00000000d6300000)
  from space 1024K, 90% used [0x00000000d6880000,0x00000000d6968000,0x00000000d6980000)
  to   space 1024K, 0% used [0x00000000d6780000,0x00000000d6780000,0x00000000d6880000)
 ParOldGen       total 80384K, used 80221K [0x0000000080000000, 0x0000000084e80000, 0x00000000d5580000)
  object space 80384K, 99% used [0x0000000080000000,0x0000000084e57500,0x0000000084e80000)
 Metaspace       used 83348K, committed 85184K, reserved 1179648K
  class space    used 11139K, committed 11968K, reserved 1048576K
}
Event: 32.554 GC heap before
{Heap before GC invocations=76 (full 3):
 PSYoungGen      total 14848K, used 14752K [0x00000000d5580000, 0x00000000d6980000, 0x0000000100000000)
  eden space 13824K, 100% used [0x00000000d5580000,0x00000000d6300000,0x00000000d6300000)
  from space 1024K, 90% used [0x00000000d6880000,0x00000000d6968000,0x00000000d6980000)
  to   space 1024K, 0% used [0x00000000d6780000,0x00000000d6780000,0x00000000d6880000)
 ParOldGen       total 80384K, used 80221K [0x0000000080000000, 0x0000000084e80000, 0x00000000d5580000)
  object space 80384K, 99% used [0x0000000080000000,0x0000000084e57500,0x0000000084e80000)
 Metaspace       used 83872K, committed 85696K, reserved 1179648K
  class space    used 11189K, committed 12032K, reserved 1048576K
}
Event: 32.559 GC heap after
{Heap after GC invocations=76 (full 3):
 PSYoungGen      total 14848K, used 664K [0x00000000d5580000, 0x00000000d6900000, 0x0000000100000000)
  eden space 13824K, 0% used [0x00000000d5580000,0x00000000d5580000,0x00000000d6300000)
  from space 1024K, 64% used [0x00000000d6780000,0x00000000d68261a8,0x00000000d6880000)
  to   space 512K, 0% used [0x00000000d6880000,0x00000000d6880000,0x00000000d6900000)
 ParOldGen       total 81408K, used 80989K [0x0000000080000000, 0x0000000084f80000, 0x00000000d5580000)
  object space 81408K, 99% used [0x0000000080000000,0x0000000084f17500,0x0000000084f80000)
 Metaspace       used 83872K, committed 85696K, reserved 1179648K
  class space    used 11189K, committed 12032K, reserved 1048576K
}
Event: 32.732 GC heap before
{Heap before GC invocations=77 (full 3):
 PSYoungGen      total 14848K, used 14485K [0x00000000d5580000, 0x00000000d6900000, 0x0000000100000000)
  eden space 13824K, 99% used [0x00000000d5580000,0x00000000d62ff5e0,0x00000000d6300000)
  from space 1024K, 64% used [0x00000000d6780000,0x00000000d68261a8,0x00000000d6880000)
  to   space 512K, 0% used [0x00000000d6880000,0x00000000d6880000,0x00000000d6900000)
 ParOldGen       total 81408K, used 80989K [0x0000000080000000, 0x0000000084f80000, 0x00000000d5580000)
  object space 81408K, 99% used [0x0000000080000000,0x0000000084f17500,0x0000000084f80000)
 Metaspace       used 84837K, committed 86592K, reserved 1179648K
  class space    used 11287K, committed 12096K, reserved 1048576K
}
Event: 32.735 GC heap after
{Heap after GC invocations=77 (full 3):
 PSYoungGen      total 14336K, used 500K [0x00000000d5580000, 0x00000000d6900000, 0x0000000100000000)
  eden space 13824K, 0% used [0x00000000d5580000,0x00000000d5580000,0x00000000d6300000)
  from space 512K, 97% used [0x00000000d6880000,0x00000000d68fd0f0,0x00000000d6900000)
  to   space 1024K, 0% used [0x00000000d6700000,0x00000000d6700000,0x00000000d6800000)
 ParOldGen       total 81408K, used 81396K [0x0000000080000000, 0x0000000084f80000, 0x00000000d5580000)
  object space 81408K, 99% used [0x0000000080000000,0x0000000084f7d0f8,0x0000000084f80000)
 Metaspace       used 84837K, committed 86592K, reserved 1179648K
  class space    used 11287K, committed 12096K, reserved 1048576K
}
Event: 33.295 GC heap before
{Heap before GC invocations=78 (full 3):
 PSYoungGen      total 14336K, used 14324K [0x00000000d5580000, 0x00000000d6900000, 0x0000000100000000)
  eden space 13824K, 100% used [0x00000000d5580000,0x00000000d6300000,0x00000000d6300000)
  from space 512K, 97% used [0x00000000d6880000,0x00000000d68fd0f0,0x00000000d6900000)
  to   space 1024K, 0% used [0x00000000d6700000,0x00000000d6700000,0x00000000d6800000)
 ParOldGen       total 81408K, used 81396K [0x0000000080000000, 0x0000000084f80000, 0x00000000d5580000)
  object space 81408K, 99% used [0x0000000080000000,0x0000000084f7d0f8,0x0000000084f80000)
 Metaspace       used 85451K, committed 87232K, reserved 1179648K
  class space    used 11357K, committed 12160K, reserved 1048576K
}
Event: 33.296 GC heap after
{Heap after GC invocations=78 (full 3):
 PSYoungGen      total 14848K, used 718K [0x00000000d5580000, 0x00000000d6900000, 0x0000000100000000)
  eden space 13824K, 0% used [0x00000000d5580000,0x00000000d5580000,0x00000000d6300000)
  from space 1024K, 70% used [0x00000000d6700000,0x00000000d67b3ba8,0x00000000d6800000)
  to   space 1024K, 0% used [0x00000000d6800000,0x00000000d6800000,0x00000000d6900000)
 ParOldGen       total 81920K, used 81705K [0x0000000080000000, 0x0000000085000000, 0x00000000d5580000)
  object space 81920K, 99% used [0x0000000080000000,0x0000000084fca798,0x0000000085000000)
 Metaspace       used 85451K, committed 87232K, reserved 1179648K
  class space    used 11357K, committed 12160K, reserved 1048576K
}
Event: 371.550 GC heap before
{Heap before GC invocations=79 (full 3):
 PSYoungGen      total 14848K, used 14542K [0x00000000d5580000, 0x00000000d6900000, 0x0000000100000000)
  eden space 13824K, 100% used [0x00000000d5580000,0x00000000d6300000,0x00000000d6300000)
  from space 1024K, 70% used [0x00000000d6700000,0x00000000d67b3ba8,0x00000000d6800000)
  to   space 1024K, 0% used [0x00000000d6800000,0x00000000d6800000,0x00000000d6900000)
 ParOldGen       total 81920K, used 81705K [0x0000000080000000, 0x0000000085000000, 0x00000000d5580000)
  object space 81920K, 99% used [0x0000000080000000,0x0000000084fca798,0x0000000085000000)
 Metaspace       used 85906K, committed 87680K, reserved 1179648K
  class space    used 11406K, committed 12224K, reserved 1048576K
}
Event: 371.551 GC heap after
{Heap after GC invocations=79 (full 3):
 PSYoungGen      total 14336K, used 320K [0x00000000d5580000, 0x00000000d6880000, 0x0000000100000000)
  eden space 13824K, 0% used [0x00000000d5580000,0x00000000d5580000,0x00000000d6300000)
  from space 512K, 62% used [0x00000000d6800000,0x00000000d6850000,0x00000000d6880000)
  to   space 512K, 0% used [0x00000000d6780000,0x00000000d6780000,0x00000000d6800000)
 ParOldGen       total 82432K, used 82205K [0x0000000080000000, 0x0000000085080000, 0x00000000d5580000)
  object space 82432K, 99% used [0x0000000080000000,0x00000000850474b8,0x0000000085080000)
 Metaspace       used 85906K, committed 87680K, reserved 1179648K
  class space    used 11406K, committed 12224K, reserved 1048576K
}

